2025-06-29 16:55:57,037 INFO [1ac21d242f4e9fcfadb095373011f4d5]                 Book.java:562  | 1 sheet in /Users/amber/Downloads/music_evaluator/data/uploads/1ac21d242f4e9fcfadb095373011f4d5.jpg
2025-06-29 16:55:57,120 INFO []                 Book.java:2531 | Stored /book.xml
2025-06-29 16:55:57,121 INFO []                 Book.java:2491 | Book stored as data/output/1ac21d242f4e9fcfadb095373011f4d5.omr
2025-06-29 16:55:57,126 INFO []                 Book.java:1933 | Book reaching PAGE on sheets:[#1]
2025-06-29 16:55:57,126 INFO [1ac21d242f4e9fcfadb095373011f4d5]       StepMonitoring.java:98   | LOAD
2025-06-29 16:55:57,200 INFO [1ac21d242f4e9fcfadb095373011f4d5]            SheetStub.java:1268 | Loaded image #1 2160x2880 from /Users/amber/Downloads/music_evaluator/data/uploads/1ac21d242f4e9fcfadb095373011f4d5.jpg
2025-06-29 16:55:57,202 INFO [1ac21d242f4e9fcfadb095373011f4d5]            ImageUtil.java:124  | Converting max RGB to gray
2025-06-29 16:55:57,304 INFO [1ac21d242f4e9fcfadb095373011f4d5]       StepMonitoring.java:98   | BINARY
2025-06-29 16:55:57,491 INFO [1ac21d242f4e9fcfadb095373011f4d5]       StepMonitoring.java:98   | SCALE
2025-06-29 16:55:57,505 INFO [1ac21d242f4e9fcfadb095373011f4d5]         ScaleBuilder.java:241  | Beam  guessed height:  8 -- 0.50 of 16 interline
2025-06-29 16:55:57,506 INFO [1ac21d242f4e9fcfadb095373011f4d5]         ScaleBuilder.java:264  | Beam measured height: 10 -- 0.33 of [7..16] range at 269% of needed quorum
2025-06-29 16:55:57,506 INFO [1ac21d242f4e9fcfadb095373011f4d5]            ScaleStep.java:65   | Scale{ interline(14,16,17) line(3,5,7) beam(10)}
2025-06-29 16:55:57,506 INFO [1ac21d242f4e9fcfadb095373011f4d5]       StepMonitoring.java:98   | GRID
2025-06-29 16:55:57,999 INFO [1ac21d242f4e9fcfadb095373011f4d5]       LinesRetriever.java:1500 | Global slope: -0.00641
2025-06-29 16:55:58,018 INFO [1ac21d242f4e9fcfadb095373011f4d5]    ClustersRetriever.java:328  | Retrieved raw line clusters: 7 of sizes [5] with interline(14,16,17)
2025-06-29 16:55:58,290 INFO [1ac21d242f4e9fcfadb095373011f4d5]            PeakGraph.java:310  | Systems: #1[1] #2[2] #3[3] #4[4] #5[5] #6[6] #7[7]
2025-06-29 16:55:58,915 INFO [1ac21d242f4e9fcfadb095373011f4d5]        SystemManager.java:134  | Indentation detected for system #1
2025-06-29 16:55:58,916 INFO [1ac21d242f4e9fcfadb095373011f4d5]        SystemManager.java:779  | 1 part along 7 systems
2025-06-29 16:55:58,917 INFO [1ac21d242f4e9fcfadb095373011f4d5]                 Book.java:545  | Created scores: [{Score 1}]
2025-06-29 16:55:58,917 INFO [1ac21d242f4e9fcfadb095373011f4d5]       StepMonitoring.java:98   | HEADERS
2025-06-29 16:55:59,071 INFO [1ac21d242f4e9fcfadb095373011f4d5]      BasicClassifier.java:277  | Classifier loaded XML norms.
2025-06-29 16:55:59,072 INFO [1ac21d242f4e9fcfadb095373011f4d5]   AbstractClassifier.java:396  | Classifier data loaded from default uri jar:file:/Users/amber/Downloads/music_evaluator/Audiveris/app/lib/audiveris.jar!/res/basic-classifier.zip
2025-06-29 16:55:59,272 WARN [1ac21d242f4e9fcfadb095373011f4d5]          ClefBuilder.java:658  | Staff#1 no recognized header clef.
2025-06-29 16:55:59,366 INFO [1ac21d242f4e9fcfadb095373011f4d5]       StepMonitoring.java:98   | STEM_SEEDS
2025-06-29 16:55:59,394 INFO [1ac21d242f4e9fcfadb095373011f4d5]        StemSeedsStep.java:86   | stem(4 max:6)
2025-06-29 16:55:59,439 INFO [1ac21d242f4e9fcfadb095373011f4d5]       StepMonitoring.java:98   | BEAMS
2025-06-29 16:56:01,090 INFO [1ac21d242f4e9fcfadb095373011f4d5]       StaffProjector.java:665  | Too high serif for multiple rest in Staff#4 at x:923
2025-06-29 16:56:01,091 INFO [1ac21d242f4e9fcfadb095373011f4d5]       StaffProjector.java:665  | Too high serif for multiple rest in Staff#4 at x:1018
2025-06-29 16:56:01,091 INFO [1ac21d242f4e9fcfadb095373011f4d5]       StaffProjector.java:665  | Too high serif for multiple rest in Staff#4 at x:442
2025-06-29 16:56:01,118 INFO [1ac21d242f4e9fcfadb095373011f4d5]       StepMonitoring.java:98   | LEDGERS
2025-06-29 16:56:01,409 INFO [1ac21d242f4e9fcfadb095373011f4d5]       StepMonitoring.java:98   | HEADS
2025-06-29 16:56:03,678 INFO [1ac21d242f4e9fcfadb095373011f4d5]        HeadSeedTally.java:235  | Scale information: HeadSeeds{NOTEHEAD_VOID[L:-1.2,R:-2.1] NOTEHEAD_BLACK[L:-0.4,R:-1.1]}
2025-06-29 16:56:03,680 INFO [1ac21d242f4e9fcfadb095373011f4d5]       StepMonitoring.java:98   | STEMS
2025-06-29 16:56:03,883 INFO [1ac21d242f4e9fcfadb095373011f4d5]           BeamLinker.java:1729 | Not linking shorter BeamInter#1607{(0.573/0.791) BEAM}
2025-06-29 16:56:04,040 INFO [1ac21d242f4e9fcfadb095373011f4d5]           BeamLinker.java:1729 | Not linking shorter BeamInter#1699{(0.566) BEAM}
2025-06-29 16:56:04,041 INFO [1ac21d242f4e9fcfadb095373011f4d5]           BeamLinker.java:1729 | Not linking shorter BeamInter#1705{(0.447/0.826) BEAM}
2025-06-29 16:56:04,041 INFO [1ac21d242f4e9fcfadb095373011f4d5]           BeamLinker.java:1729 | Not linking shorter BeamInter#1699{(0.566) BEAM}
2025-06-29 16:56:04,112 INFO [1ac21d242f4e9fcfadb095373011f4d5]           BeamLinker.java:1729 | Not linking shorter BeamHookInter#1737{(0.667/0.901) BEAM_HOOK}
2025-06-29 16:56:04,112 INFO [1ac21d242f4e9fcfadb095373011f4d5]           BeamLinker.java:1729 | Not linking shorter BeamInter#1739{(0.600/0.872) BEAM}
2025-06-29 16:56:04,112 INFO [1ac21d242f4e9fcfadb095373011f4d5]           BeamLinker.java:1729 | Not linking shorter BeamInter#1740{(0.565) BEAM}
2025-06-29 16:56:04,112 INFO [1ac21d242f4e9fcfadb095373011f4d5]           BeamLinker.java:1729 | Not linking shorter BeamInter#1740{(0.565) BEAM}
2025-06-29 16:56:04,369 INFO [1ac21d242f4e9fcfadb095373011f4d5]       StepMonitoring.java:98   | REDUCTION
2025-06-29 16:56:04,447 INFO [1ac21d242f4e9fcfadb095373011f4d5]        ReductionStep.java:105  | Stems free length median value: 66 pixels, 4.1 interlines
2025-06-29 16:56:04,450 INFO [1ac21d242f4e9fcfadb095373011f4d5]       StepMonitoring.java:98   | CUE_BEAMS
2025-06-29 16:56:04,450 INFO [1ac21d242f4e9fcfadb095373011f4d5]         CueBeamsStep.java:81   | Step CUE_BEAMS is skipped because small heads switch is off
2025-06-29 16:56:04,450 INFO [1ac21d242f4e9fcfadb095373011f4d5]       StepMonitoring.java:98   | TEXTS
2025-06-29 16:56:04,515 WARN [1ac21d242f4e9fcfadb095373011f4d5]         TesseractOCR.java:335  | The collection of supported languages is empty
2025-06-29 16:56:04,515 INFO [1ac21d242f4e9fcfadb095373011f4d5]              OcrUtil.java:107  | Missing support for 'eng' language(s)
2025-06-29 16:56:04,522 INFO [1ac21d242f4e9fcfadb095373011f4d5]       StepMonitoring.java:98   | MEASURES
2025-06-29 16:56:04,528 INFO [1ac21d242f4e9fcfadb095373011f4d5]                 Page.java:307  | 21 raw measures: [3 in system#1, 3 in system#2, 4 in system#3, 2 in system#4, 3 in system#5, 4 in system#6, 2 in system#7]
2025-06-29 16:56:04,528 INFO [1ac21d242f4e9fcfadb095373011f4d5]       StepMonitoring.java:98   | CHORDS
2025-06-29 16:56:04,534 INFO [1ac21d242f4e9fcfadb095373011f4d5]       StepMonitoring.java:98   | CURVES
2025-06-29 16:56:05,214 INFO [1ac21d242f4e9fcfadb095373011f4d5]         SlursBuilder.java:240  | Slurs: 42
2025-06-29 16:56:05,242 INFO [1ac21d242f4e9fcfadb095373011f4d5]      SegmentsBuilder.java:155  | Segments: 30
2025-06-29 16:56:05,245 INFO [1ac21d242f4e9fcfadb095373011f4d5]       StepMonitoring.java:98   | SYMBOLS
2025-06-29 16:56:06,435 INFO [1ac21d242f4e9fcfadb095373011f4d5]       StepMonitoring.java:98   | LINKS
2025-06-29 16:56:06,466 INFO [1ac21d242f4e9fcfadb095373011f4d5]       StepMonitoring.java:98   | RHYTHMS
2025-06-29 16:56:06,483 INFO [1ac21d242f4e9fcfadb095373011f4d5]        MeasureRhythm.java:1045 | Measure{#11} No timeOffset for RestChordInter#12262{(0.633/0.633) staff:4 slot#7 dur:1/8}
2025-06-29 16:56:06,483 INFO [1ac21d242f4e9fcfadb095373011f4d5]                Voice.java:257  | Measure{#11} Voice{#1 excess:1/16} too long
2025-06-29 16:56:06,483 INFO [1ac21d242f4e9fcfadb095373011f4d5]          StackRhythm.java:224  | S4 MeasureStack#11 no correct rhythm
2025-06-29 16:56:06,486 INFO [1ac21d242f4e9fcfadb095373011f4d5]        MeasureRhythm.java:1045 | Measure{#12} No timeOffset for RestChordInter#12263{(0.800/0.800) staff:4 slot#7 dur:1/8}
2025-06-29 16:56:06,486 INFO [1ac21d242f4e9fcfadb095373011f4d5]   AbstractChordInter.java:627  | Measure{#12} No timeOffset for RestChordInter#12263{(0.800/0.800) staff:4 slot#7 dur:1/8}
2025-06-29 16:56:06,486 INFO [1ac21d242f4e9fcfadb095373011f4d5]   AbstractChordInter.java:627  | Measure{#12} No timeOffset for HeadChordInter#9318{(0.513/0.513) staff:4 slot#8 dur:1/2}
2025-06-29 16:56:06,486 INFO [1ac21d242f4e9fcfadb095373011f4d5]   AbstractChordInter.java:627  | Measure{#12} No timeOffset for HeadChordInter#9321{(0.934/0.934) staff:4 slot#11 dur:1/8}
2025-06-29 16:56:06,486 INFO [1ac21d242f4e9fcfadb095373011f4d5]   AbstractChordInter.java:627  | Measure{#12} No timeOffset for RestChordInter#12264{(0.791/0.791) staff:4 slot#12 dur:1/16}
2025-06-29 16:56:06,487 INFO [1ac21d242f4e9fcfadb095373011f4d5]   AbstractChordInter.java:627  | Measure{#12} No timeOffset for HeadChordInter#9324{(0.953/0.953) staff:4 slot#15 dur:1/16}
2025-06-29 16:56:06,487 INFO [1ac21d242f4e9fcfadb095373011f4d5]   AbstractChordInter.java:627  | Measure{#12} No timeOffset for HeadChordInter#9325{(0.601/0.601) staff:4 slot#16 dur:1/2}
2025-06-29 16:56:06,487 INFO [1ac21d242f4e9fcfadb095373011f4d5]   AbstractChordInter.java:627  | Measure{#12} No timeOffset for HeadChordInter#9328{(0.936/0.936) staff:4 slot#19 dur:1/16}
2025-06-29 16:56:06,487 INFO [1ac21d242f4e9fcfadb095373011f4d5]   AbstractChordInter.java:627  | Measure{#12} No timeOffset for RestChordInter#12265{(0.792/0.792) staff:4 slot#20 dur:1/16}
2025-06-29 16:56:06,487 INFO [1ac21d242f4e9fcfadb095373011f4d5]   AbstractChordInter.java:627  | Measure{#12} No timeOffset for HeadChordInter#9331{(0.944/0.944) staff:4 slot#23 dur:1/16}
2025-06-29 16:56:06,487 INFO [1ac21d242f4e9fcfadb095373011f4d5]                Voice.java:257  | Measure{#12} Voice{#1 excess:3/8} too long
2025-06-29 16:56:06,487 INFO [1ac21d242f4e9fcfadb095373011f4d5]          StackRhythm.java:224  | S4 MeasureStack#12 no correct rhythm
2025-06-29 16:56:06,488 INFO [1ac21d242f4e9fcfadb095373011f4d5]        MeasureRhythm.java:1045 | Measure{#13} No timeOffset for HeadChordInter#9336{(0.927/0.927) staff:5 slot#5 dur:1/4}
2025-06-29 16:56:06,488 INFO [1ac21d242f4e9fcfadb095373011f4d5]   AbstractChordInter.java:627  | Measure{#13} No timeOffset for HeadChordInter#9336{(0.927/0.927) staff:5 slot#5 dur:1/4}
2025-06-29 16:56:06,488 INFO [1ac21d242f4e9fcfadb095373011f4d5]   AbstractChordInter.java:627  | Measure{#13} No timeOffset for RestChordInter#12317{(0.800/0.800) staff:5 slot#6 dur:1/8}
2025-06-29 16:56:06,488 INFO [1ac21d242f4e9fcfadb095373011f4d5]   AbstractChordInter.java:627  | Measure{#13} No timeOffset for HeadChordInter#9337{(0.573/0.573) staff:5 slot#7 dur:1/2}
2025-06-29 16:56:06,488 INFO [1ac21d242f4e9fcfadb095373011f4d5]          StackRhythm.java:224  | S5 MeasureStack#13 no correct rhythm
2025-06-29 16:56:06,489 INFO [1ac21d242f4e9fcfadb095373011f4d5]        MeasureRhythm.java:1045 | Measure{#14} No timeOffset for HeadChordInter#9342{(0.951/0.951) staff:5 slot#5 dur:1/8}
2025-06-29 16:56:06,489 INFO [1ac21d242f4e9fcfadb095373011f4d5]                Voice.java:257  | Measure{#14} Voice{#1 excess:1/8} too long
2025-06-29 16:56:06,489 INFO [1ac21d242f4e9fcfadb095373011f4d5]                Voice.java:257  | Measure{#14} Voice{#2 excess:3/8} too long
2025-06-29 16:56:06,489 INFO [1ac21d242f4e9fcfadb095373011f4d5]          StackRhythm.java:224  | S5 MeasureStack#14 no correct rhythm
2025-06-29 16:56:06,490 INFO [1ac21d242f4e9fcfadb095373011f4d5]        MeasureRhythm.java:1045 | Measure{#15} No timeOffset for HeadChordInter#9347{(0.948/0.948) staff:5 slot#6 dur:1/8}
2025-06-29 16:56:06,490 INFO [1ac21d242f4e9fcfadb095373011f4d5]          StackRhythm.java:224  | S5 MeasureStack#15 no correct rhythm
2025-06-29 16:56:06,490 INFO [1ac21d242f4e9fcfadb095373011f4d5]                Voice.java:257  | Measure{#16} Voice{#1 excess:1/8} too long
2025-06-29 16:56:06,490 INFO [1ac21d242f4e9fcfadb095373011f4d5]          StackRhythm.java:224  | S6 MeasureStack#16 no correct rhythm
2025-06-29 16:56:06,491 INFO [1ac21d242f4e9fcfadb095373011f4d5]        MeasureRhythm.java:1045 | Measure{#17} No timeOffset for RestChordInter#12459{(0.776/0.776) staff:6 slot#6 dur:1/8}
2025-06-29 16:56:06,491 INFO [1ac21d242f4e9fcfadb095373011f4d5]          StackRhythm.java:224  | S6 MeasureStack#17 no correct rhythm
2025-06-29 16:56:06,494 INFO [1ac21d242f4e9fcfadb095373011f4d5]        MeasureRhythm.java:1045 | Measure{#20} No timeOffset for HeadChordInter#9383{(0.532/0.532) staff:7 slot#12 dur:1/2}
2025-06-29 16:56:06,494 INFO [1ac21d242f4e9fcfadb095373011f4d5]   AbstractChordInter.java:627  | Measure{#20} No timeOffset for HeadChordInter#9383{(0.532/0.532) staff:7 slot#12 dur:1/2}
2025-06-29 16:56:06,494 INFO [1ac21d242f4e9fcfadb095373011f4d5]   AbstractChordInter.java:627  | Measure{#20} No timeOffset for HeadChordInter#9385{(0.927/0.927) staff:7 slot#14 dur:1/8}
2025-06-29 16:56:06,494 INFO [1ac21d242f4e9fcfadb095373011f4d5]   AbstractChordInter.java:627  | Measure{#20} No timeOffset for HeadChordInter#9387{(0.934/0.934) staff:7 slot#16 dur:1/8}
2025-06-29 16:56:06,494 INFO [1ac21d242f4e9fcfadb095373011f4d5]   AbstractChordInter.java:627  | Measure{#20} No timeOffset for HeadChordInter#9388{(0.937/0.937) staff:7 slot#17 dur:1/8}
2025-06-29 16:56:06,494 INFO [1ac21d242f4e9fcfadb095373011f4d5]                Voice.java:257  | Measure{#20} Voice{#1 excess:3/16} too long
2025-06-29 16:56:06,494 INFO [1ac21d242f4e9fcfadb095373011f4d5]          StackRhythm.java:224  | S7 MeasureStack#20 no correct rhythm
2025-06-29 16:56:06,494 INFO [1ac21d242f4e9fcfadb095373011f4d5]       StepMonitoring.java:98   | PAGE
2025-06-29 16:56:06,495 INFO [1ac21d242f4e9fcfadb095373011f4d5]       SheetReduction.java:154  | Gutter. Different glyphs 3/4 PedalInter#12175{(0.647/0.647) PEDAL_MARK} vs SlurInter#9427{(0.615/0.931) SLUR_ABOVE}
2025-06-29 16:56:06,495 INFO [1ac21d242f4e9fcfadb095373011f4d5]       SheetReduction.java:154  | Gutter. Different glyphs 3/4 PedalInter#12175{(0.647/0.647) PEDAL_MARK} vs SlurInter#9725{(0.589/0.897) SLUR_ABOVE}
2025-06-29 16:56:06,498 WARN [1ac21d242f4e9fcfadb095373011f4d5]         MeasureFixer.java:343  | System#1 No target duration for measures local IDs [1, 2, 3], please check time signatures
2025-06-29 16:56:06,498 WARN [1ac21d242f4e9fcfadb095373011f4d5]         MeasureFixer.java:343  | System#2 No target duration for measures local IDs [4, 5, 6], please check time signatures
2025-06-29 16:56:06,498 WARN [1ac21d242f4e9fcfadb095373011f4d5]         MeasureFixer.java:343  | System#3 No target duration for measures local IDs [7, 8, 9], please check time signatures
2025-06-29 16:56:06,498 INFO [1ac21d242f4e9fcfadb095373011f4d5]                Voice.java:257  | Measure{#11} Voice{#1 excess:1/16} too long
2025-06-29 16:56:06,498 INFO [1ac21d242f4e9fcfadb095373011f4d5]                Voice.java:257  | Measure{#12} Voice{#1 excess:3/8} too long
2025-06-29 16:56:06,498 INFO [1ac21d242f4e9fcfadb095373011f4d5]                Voice.java:257  | Measure{#14} Voice{#1 excess:1/8} too long
2025-06-29 16:56:06,498 INFO [1ac21d242f4e9fcfadb095373011f4d5]                Voice.java:257  | Measure{#14} Voice{#2 excess:3/8} too long
2025-06-29 16:56:06,498 INFO [1ac21d242f4e9fcfadb095373011f4d5]                Voice.java:257  | Measure{#16} Voice{#1 excess:1/8} too long
2025-06-29 16:56:06,498 INFO [1ac21d242f4e9fcfadb095373011f4d5]                Voice.java:257  | Measure{#20} Voice{#1 excess:3/16} too long
2025-06-29 16:56:06,499 INFO [1ac21d242f4e9fcfadb095373011f4d5]                 Book.java:2550 | Book{1ac21d242f4e9fcfadb095373011f4d5} storing
2025-06-29 16:56:06,546 INFO [1ac21d242f4e9fcfadb095373011f4d5]                 Book.java:2531 | Stored /book.xml
2025-06-29 16:56:06,753 INFO [1ac21d242f4e9fcfadb095373011f4d5]           DataHolder.java:348  | Stored /sheet#1/BINARY.png
2025-06-29 16:56:07,524 INFO [1ac21d242f4e9fcfadb095373011f4d5]                Sheet.java:1561 | Stored /sheet#1/sheet#1.xml
2025-06-29 16:56:07,524 INFO [1ac21d242f4e9fcfadb095373011f4d5]                 Book.java:2491 | Book stored as data/output/1ac21d242f4e9fcfadb095373011f4d5.omr
2025-06-29 16:56:07,525 INFO [1ac21d242f4e9fcfadb095373011f4d5]            SheetStub.java:1644 | Disposed sheet
2025-06-29 16:56:07,562 INFO [1ac21d242f4e9fcfadb095373011f4d5]                 Book.java:2018 | End of Stub#1 memory: 30,274,376
2025-06-29 16:56:07,562 INFO [1ac21d242f4e9fcfadb095373011f4d5]                 Book.java:2025 | Book processed.
2025-06-29 16:56:07,826 INFO [1ac21d242f4e9fcfadb095373011f4d5]            SheetStub.java:995  | Loaded /sheet#1/sheet#1.xml
2025-06-29 16:56:07,962 INFO [1ac21d242f4e9fcfadb095373011f4d5]      PartwiseBuilder.java:2661 | Exporting sheet(s): [#1]
2025-06-29 16:56:08,000 INFO [1ac21d242f4e9fcfadb095373011f4d5]        ScoreExporter.java:164  | Score 1ac21d242f4e9fcfadb095373011f4d5 exported to data/output/1ac21d242f4e9fcfadb095373011f4d5.mxl
2025-06-29 16:56:08,021 INFO [1ac21d242f4e9fcfadb095373011f4d5]                Score.java:181  | Closing {Score 1}
