2025-07-02 19:06:43,227 INFO [f7723a034163d690735f88af403625e4]                 Book.java:562  | 1 sheet in /Users/amber/Desktop/lxf/music_evaluator/data/uploads/f7723a034163d690735f88af403625e4.png
2025-07-02 19:06:43,319 INFO []                 Book.java:2531 | Stored /book.xml
2025-07-02 19:06:43,319 INFO []                 Book.java:2491 | Book stored as data/output/f7723a034163d690735f88af403625e4.omr
2025-07-02 19:06:43,324 INFO []                 Book.java:1933 | Book reaching PAGE on sheets:[#1]
2025-07-02 19:06:43,325 INFO [f7723a034163d690735f88af403625e4]       StepMonitoring.java:98   | LOAD
2025-07-02 19:06:43,391 INFO [f7723a034163d690735f88af403625e4]            SheetStub.java:1268 | Loaded image #1 1190x1568 from /Users/amber/Desktop/lxf/music_evaluator/data/uploads/f7723a034163d690735f88af403625e4.png
2025-07-02 19:06:43,393 INFO [f7723a034163d690735f88af403625e4]            ImageUtil.java:206  | Discarding alpha band ...
2025-07-02 19:06:43,441 INFO [f7723a034163d690735f88af403625e4]            ImageUtil.java:124  | Converting max RGB to gray
2025-07-02 19:06:43,480 INFO [f7723a034163d690735f88af403625e4]       StepMonitoring.java:98   | BINARY
2025-07-02 19:06:43,583 INFO [f7723a034163d690735f88af403625e4]       StepMonitoring.java:98   | SCALE
2025-07-02 19:06:43,594 INFO [f7723a034163d690735f88af403625e4]         ScaleBuilder.java:241  | Beam  guessed height:  6 -- 0.50 of 12 interline
2025-07-02 19:06:43,594 INFO [f7723a034163d690735f88af403625e4]         ScaleBuilder.java:264  | Beam measured height:  9 -- 0.57 of [5..12] range at 510% of needed quorum
2025-07-02 19:06:43,594 INFO [f7723a034163d690735f88af403625e4]            ScaleStep.java:65   | Scale{ interline(10,12,13) line(2,3,5) beam(9)}
2025-07-02 19:06:43,594 INFO [f7723a034163d690735f88af403625e4]       StepMonitoring.java:98   | GRID
2025-07-02 19:06:43,907 INFO [f7723a034163d690735f88af403625e4]       LinesRetriever.java:1500 | Global slope: 0.00864
2025-07-02 19:06:43,928 INFO [f7723a034163d690735f88af403625e4]    ClustersRetriever.java:328  | Retrieved raw line clusters: 9 of sizes [5] with interline(10,12,13)
2025-07-02 19:06:43,985 INFO [f7723a034163d690735f88af403625e4]            PeakGraph.java:310  | Systems: #1[1] #2[2] #3[3] #4[4] #5[5] #6[6] #7[7] #8[8] #9[9]
2025-07-02 19:06:44,121 INFO [f7723a034163d690735f88af403625e4]        SystemManager.java:134  | Indentation detected for system #1
2025-07-02 19:06:44,121 INFO [f7723a034163d690735f88af403625e4]        SystemManager.java:134  | Indentation detected for system #3
2025-07-02 19:06:44,121 INFO [f7723a034163d690735f88af403625e4]        SystemManager.java:134  | Indentation detected for system #6
2025-07-02 19:06:44,121 INFO [f7723a034163d690735f88af403625e4]        SystemManager.java:134  | Indentation detected for system #8
2025-07-02 19:06:44,121 INFO [f7723a034163d690735f88af403625e4]        SystemManager.java:723  | 4 pages found in sheet
2025-07-02 19:06:44,121 INFO [f7723a034163d690735f88af403625e4]        SystemManager.java:779  | Page #1: 1 part along 2 systems
2025-07-02 19:06:44,122 INFO [f7723a034163d690735f88af403625e4]        SystemManager.java:779  | Page #2: 1 part along 3 systems
2025-07-02 19:06:44,122 INFO [f7723a034163d690735f88af403625e4]        SystemManager.java:779  | Page #3: 1 part along 2 systems
2025-07-02 19:06:44,122 INFO [f7723a034163d690735f88af403625e4]        SystemManager.java:779  | Page #4: 1 part along 2 systems
2025-07-02 19:06:44,122 INFO [f7723a034163d690735f88af403625e4]                 Book.java:545  | Created scores: [{Score 1}, {Score 2}, {Score 3}, {Score 4}]
2025-07-02 19:06:44,122 INFO [f7723a034163d690735f88af403625e4]       StepMonitoring.java:98   | HEADERS
2025-07-02 19:06:44,235 INFO [f7723a034163d690735f88af403625e4]      BasicClassifier.java:277  | Classifier loaded XML norms.
2025-07-02 19:06:44,236 INFO [f7723a034163d690735f88af403625e4]   AbstractClassifier.java:396  | Classifier data loaded from default uri jar:file:/Users/amber/Desktop/lxf/music_evaluator/Audiveris/app/lib/audiveris.jar!/res/basic-classifier.zip
2025-07-02 19:06:44,704 WARN [f7723a034163d690735f88af403625e4]          ClefBuilder.java:658  | Staff#3 no recognized header clef.
2025-07-02 19:06:44,739 WARN [f7723a034163d690735f88af403625e4]          ClefBuilder.java:658  | Staff#6 no recognized header clef.
2025-07-02 19:06:44,752 INFO [f7723a034163d690735f88af403625e4]       StepMonitoring.java:98   | STEM_SEEDS
2025-07-02 19:06:44,769 INFO [f7723a034163d690735f88af403625e4]        StemSeedsStep.java:86   | stem(4 max:5)
2025-07-02 19:06:44,797 INFO [f7723a034163d690735f88af403625e4]       StepMonitoring.java:98   | BEAMS
2025-07-02 19:06:45,469 INFO [f7723a034163d690735f88af403625e4]       StepMonitoring.java:98   | LEDGERS
2025-07-02 19:06:45,579 INFO [f7723a034163d690735f88af403625e4]       StepMonitoring.java:98   | HEADS
2025-07-02 19:06:46,548 INFO [f7723a034163d690735f88af403625e4]        HeadSeedTally.java:235  | Scale information: HeadSeeds{NOTEHEAD_VOID[L:-0.9,R:-1.1] NOTEHEAD_BLACK[L:-0.3,R:-0.4]}
2025-07-02 19:06:46,548 INFO [f7723a034163d690735f88af403625e4]       StepMonitoring.java:98   | STEMS
2025-07-02 19:06:47,133 INFO [f7723a034163d690735f88af403625e4]       StepMonitoring.java:98   | REDUCTION
2025-07-02 19:06:47,381 INFO [f7723a034163d690735f88af403625e4]        ReductionStep.java:105  | Stems free length median value: 42 pixels, 3.5 interlines
2025-07-02 19:06:47,385 INFO [f7723a034163d690735f88af403625e4]       StepMonitoring.java:98   | CUE_BEAMS
2025-07-02 19:06:47,385 INFO [f7723a034163d690735f88af403625e4]         CueBeamsStep.java:81   | Step CUE_BEAMS is skipped because small heads switch is off
2025-07-02 19:06:47,385 INFO [f7723a034163d690735f88af403625e4]       StepMonitoring.java:98   | TEXTS
2025-07-02 19:06:47,455 WARN [f7723a034163d690735f88af403625e4]         TesseractOCR.java:335  | The collection of supported languages is empty
2025-07-02 19:06:47,456 INFO [f7723a034163d690735f88af403625e4]              OcrUtil.java:107  | Missing support for 'eng' language(s)
2025-07-02 19:06:47,467 INFO [f7723a034163d690735f88af403625e4]       StepMonitoring.java:98   | MEASURES
2025-07-02 19:06:47,476 INFO [f7723a034163d690735f88af403625e4]                 Page.java:307  | 3 raw measures: [2 in system#1, 1 in system#2]
2025-07-02 19:06:47,476 INFO [f7723a034163d690735f88af403625e4]                 Page.java:307  | 7 raw measures: [3 in system#3, 1 in system#4, 3 in system#5]
2025-07-02 19:06:47,476 INFO [f7723a034163d690735f88af403625e4]                 Page.java:307  | 5 raw measures: [3 in system#6, 2 in system#7]
2025-07-02 19:06:47,477 INFO [f7723a034163d690735f88af403625e4]                 Page.java:307  | 3 raw measures: [1 in system#8, 2 in system#9]
2025-07-02 19:06:47,477 INFO [f7723a034163d690735f88af403625e4]       StepMonitoring.java:98   | CHORDS
2025-07-02 19:06:47,491 INFO [f7723a034163d690735f88af403625e4]       StepMonitoring.java:98   | CURVES
2025-07-02 19:06:47,917 INFO [f7723a034163d690735f88af403625e4]         SlursBuilder.java:240  | Slurs: 42
2025-07-02 19:06:47,926 INFO [f7723a034163d690735f88af403625e4]      SegmentsBuilder.java:155  | Segments: 28
2025-07-02 19:06:47,929 INFO [f7723a034163d690735f88af403625e4]       StepMonitoring.java:98   | SYMBOLS
2025-07-02 19:06:48,182 INFO [f7723a034163d690735f88af403625e4]       StepMonitoring.java:98   | LINKS
2025-07-02 19:06:48,226 INFO [f7723a034163d690735f88af403625e4]       StepMonitoring.java:98   | RHYTHMS
2025-07-02 19:06:48,238 INFO [f7723a034163d690735f88af403625e4]        MeasureRhythm.java:1045 | Measure{#2} No timeOffset for HeadChordInter#9374{(0.955/0.955) staff:1 slot#7 dur:1/8}
2025-07-02 19:06:48,239 INFO [f7723a034163d690735f88af403625e4]   AbstractChordInter.java:627  | Measure{#2} No timeOffset for HeadChordInter#9377{(0.940/0.940) staff:1 slot#10 dur:1/8}
2025-07-02 19:06:48,239 INFO [f7723a034163d690735f88af403625e4]   AbstractChordInter.java:627  | Measure{#2} No timeOffset for HeadChordInter#9381{(0.941/0.941) staff:1 slot#14 dur:1/16}
2025-07-02 19:06:48,239 INFO [f7723a034163d690735f88af403625e4]   AbstractChordInter.java:627  | Measure{#2} No timeOffset for HeadChordInter#9382{(0.943/0.943) staff:1 slot#14 dur:1/4}
2025-07-02 19:06:48,239 INFO [f7723a034163d690735f88af403625e4]        MeasureRhythm.java:1045 | Measure{#2} No timeOffset for HeadChordInter#9384{(0.541/0.541) staff:1 slot#15 dur:1/2}
2025-07-02 19:06:48,239 INFO [f7723a034163d690735f88af403625e4]                Voice.java:257  | Measure{#2} Voice{#1 excess:1/4} too long
2025-07-02 19:06:48,239 INFO [f7723a034163d690735f88af403625e4]          StackRhythm.java:224  | S1 MeasureStack#2 no correct rhythm
2025-07-02 19:06:48,244 INFO [f7723a034163d690735f88af403625e4]        MeasureRhythm.java:1045 | Measure{#3} No timeOffset for HeadChordInter#9391{(0.960/0.960) staff:2 slot#7 dur:1/16}
2025-07-02 19:06:48,244 INFO [f7723a034163d690735f88af403625e4]   AbstractChordInter.java:627  | Measure{#3} No timeOffset for HeadChordInter#9394{(0.919/0.919) staff:2 slot#10 dur:1/16}
2025-07-02 19:06:48,244 INFO [f7723a034163d690735f88af403625e4]   AbstractChordInter.java:627  | Measure{#3} No timeOffset for HeadChordInter#9396{(0.954/0.954) staff:2 slot#12 dur:1/8}
2025-07-02 19:06:48,244 INFO [f7723a034163d690735f88af403625e4]   AbstractChordInter.java:627  | Measure{#3} No timeOffset for HeadChordInter#9400{(0.949/0.949) staff:2 slot#16 dur:1/16}
2025-07-02 19:06:48,244 INFO [f7723a034163d690735f88af403625e4]   AbstractChordInter.java:627  | Measure{#3} No timeOffset for HeadChordInter#9402{(0.938/0.938) staff:2 slot#18 dur:1/8}
2025-07-02 19:06:48,244 INFO [f7723a034163d690735f88af403625e4]   AbstractChordInter.java:627  | Measure{#3} No timeOffset for HeadChordInter#9403{(0.521/0.521) slot#19 dur:1/2}
2025-07-02 19:06:48,244 INFO [f7723a034163d690735f88af403625e4]   AbstractChordInter.java:627  | Measure{#3} No timeOffset for HeadChordInter#9404{(0.947/0.947) slot#20 dur:1/4}
2025-07-02 19:06:48,244 INFO [f7723a034163d690735f88af403625e4]   AbstractChordInter.java:627  | Measure{#3} No timeOffset for HeadChordInter#9405{(0.869/0.869) slot#21 dur:1/4}
2025-07-02 19:06:48,245 INFO [f7723a034163d690735f88af403625e4]   AbstractChordInter.java:627  | Measure{#3} No timeOffset for HeadChordInter#9406{(0.892/0.892) staff:2 slot#22 dur:1/4}
2025-07-02 19:06:48,245 INFO [f7723a034163d690735f88af403625e4]   AbstractChordInter.java:627  | Measure{#3} No timeOffset for HeadChordInter#9410{(0.951/0.951) staff:2 slot#26 dur:1/16}
2025-07-02 19:06:48,245 INFO [f7723a034163d690735f88af403625e4]   AbstractChordInter.java:627  | Measure{#3} No timeOffset for HeadChordInter#9411{(0.952/0.952) slot#27 dur:1/4}
2025-07-02 19:06:48,245 INFO [f7723a034163d690735f88af403625e4]                Voice.java:257  | Measure{#3} Voice{#1 excess:1/4} too long
2025-07-02 19:06:48,245 INFO [f7723a034163d690735f88af403625e4]          StackRhythm.java:224  | S2 MeasureStack#3 no correct rhythm
2025-07-02 19:06:48,267 INFO [f7723a034163d690735f88af403625e4]        MeasureRhythm.java:1045 | Measure{#1} No timeOffset for HeadChordInter#9568{(0.506/0.506) slot#7 dur:1/2}
2025-07-02 19:06:48,267 INFO [f7723a034163d690735f88af403625e4]   AbstractChordInter.java:627  | Measure{#1} No timeOffset for HeadChordInter#9568{(0.506/0.506) slot#7 dur:1/2}
2025-07-02 19:06:48,267 INFO [f7723a034163d690735f88af403625e4]   AbstractChordInter.java:627  | Measure{#1} No timeOffset for HeadChordInter#9574{(0.946/0.946) staff:8 slot#13 dur:1/8}
2025-07-02 19:06:48,267 INFO [f7723a034163d690735f88af403625e4]   AbstractChordInter.java:627  | Measure{#1} No timeOffset for HeadChordInter#9575{(0.525/0.525) slot#14 dur:1/2}
2025-07-02 19:06:48,267 INFO [f7723a034163d690735f88af403625e4]   AbstractChordInter.java:627  | Measure{#1} No timeOffset for HeadChordInter#9581{(0.957/0.957) staff:8 slot#20 dur:1/8}
2025-07-02 19:06:48,267 INFO [f7723a034163d690735f88af403625e4]   AbstractChordInter.java:627  | Measure{#1} No timeOffset for HeadChordInter#9582{(0.529/0.529) slot#21 dur:1/2}
2025-07-02 19:06:48,267 INFO [f7723a034163d690735f88af403625e4]          StackRhythm.java:224  | S8 MeasureStack#1 no correct rhythm
2025-07-02 19:06:48,268 INFO [f7723a034163d690735f88af403625e4]        MeasureRhythm.java:1045 | Measure{#2} No timeOffset for HeadChordInter#9595{(0.504/0.504) slot#7 dur:1/2}
2025-07-02 19:06:48,268 INFO [f7723a034163d690735f88af403625e4]   AbstractChordInter.java:627  | Measure{#2} No timeOffset for HeadChordInter#9595{(0.504/0.504) slot#7 dur:1/2}
2025-07-02 19:06:48,268 INFO [f7723a034163d690735f88af403625e4]          StackRhythm.java:224  | S9 MeasureStack#2 no correct rhythm
2025-07-02 19:06:48,269 INFO [f7723a034163d690735f88af403625e4]        MeasureRhythm.java:1045 | Measure{#3} No timeOffset for HeadChordInter#9608{(0.527/0.527) slot#7 dur:1/2}
2025-07-02 19:06:48,269 INFO [f7723a034163d690735f88af403625e4]   AbstractChordInter.java:627  | Measure{#3} No timeOffset for HeadChordInter#9608{(0.527/0.527) slot#7 dur:1/2}
2025-07-02 19:06:48,270 INFO [f7723a034163d690735f88af403625e4]          StackRhythm.java:224  | S9 MeasureStack#3 no correct rhythm
2025-07-02 19:06:48,270 INFO [f7723a034163d690735f88af403625e4]       StepMonitoring.java:98   | PAGE
2025-07-02 19:06:48,273 INFO [f7723a034163d690735f88af403625e4]                Voice.java:257  | Measure{#2} Voice{#1 excess:1/4} too long
2025-07-02 19:06:48,273 INFO [f7723a034163d690735f88af403625e4]                Voice.java:257  | Measure{#3} Voice{#1 excess:1/4} too long
2025-07-02 19:06:48,273 WARN [f7723a034163d690735f88af403625e4]         MeasureFixer.java:343  | System#3 No target duration for measures local IDs [1, 2, 3], please check time signatures
2025-07-02 19:06:48,273 WARN [f7723a034163d690735f88af403625e4]         MeasureFixer.java:343  | System#4 No target duration for measures local IDs [4], please check time signatures
2025-07-02 19:06:48,273 WARN [f7723a034163d690735f88af403625e4]         MeasureFixer.java:343  | System#5 No target duration for measures local IDs [5, 6, 7], please check time signatures
2025-07-02 19:06:48,274 WARN [f7723a034163d690735f88af403625e4]         MeasureFixer.java:343  | System#6 No target duration for measures local IDs [1, 2, 3], please check time signatures
2025-07-02 19:06:48,274 WARN [f7723a034163d690735f88af403625e4]         MeasureFixer.java:343  | System#7 No target duration for measures local IDs [4, 5], please check time signatures
2025-07-02 19:06:48,274 INFO [f7723a034163d690735f88af403625e4]                 Book.java:2550 | Book{f7723a034163d690735f88af403625e4} storing
2025-07-02 19:06:48,315 INFO [f7723a034163d690735f88af403625e4]                 Book.java:2531 | Stored /book.xml
2025-07-02 19:06:48,345 INFO [f7723a034163d690735f88af403625e4]           DataHolder.java:348  | Stored /sheet#1/BINARY.png
2025-07-02 19:06:48,891 INFO [f7723a034163d690735f88af403625e4]                Sheet.java:1561 | Stored /sheet#1/sheet#1.xml
2025-07-02 19:06:48,892 INFO [f7723a034163d690735f88af403625e4]                 Book.java:2491 | Book stored as data/output/f7723a034163d690735f88af403625e4.omr
2025-07-02 19:06:48,893 INFO [f7723a034163d690735f88af403625e4]            SheetStub.java:1644 | Disposed sheet
2025-07-02 19:06:48,916 INFO [f7723a034163d690735f88af403625e4]                 Book.java:2018 | End of Stub#1 memory: 30,577,128
2025-07-02 19:06:48,916 INFO [f7723a034163d690735f88af403625e4]                 Book.java:2025 | Book processed.
2025-07-02 19:06:49,070 INFO [f7723a034163d690735f88af403625e4]            SheetStub.java:995  | Loaded /sheet#1/sheet#1.xml
2025-07-02 19:06:49,203 INFO [f7723a034163d690735f88af403625e4]      PartwiseBuilder.java:2661 | Exporting sheet(s): [#1]
2025-07-02 19:06:49,223 INFO [f7723a034163d690735f88af403625e4]        ScoreExporter.java:164  | Score f7723a034163d690735f88af403625e4.mvt1 exported to data/output/f7723a034163d690735f88af403625e4.mvt1.mxl
2025-07-02 19:06:49,223 INFO [f7723a034163d690735f88af403625e4]      PartwiseBuilder.java:2661 | Exporting sheet(s): [#1]
2025-07-02 19:06:49,234 INFO [f7723a034163d690735f88af403625e4]        ScoreExporter.java:164  | Score f7723a034163d690735f88af403625e4.mvt2 exported to data/output/f7723a034163d690735f88af403625e4.mvt2.mxl
2025-07-02 19:06:49,235 INFO [f7723a034163d690735f88af403625e4]      PartwiseBuilder.java:2661 | Exporting sheet(s): [#1]
2025-07-02 19:06:49,246 INFO [f7723a034163d690735f88af403625e4]        ScoreExporter.java:164  | Score f7723a034163d690735f88af403625e4.mvt3 exported to data/output/f7723a034163d690735f88af403625e4.mvt3.mxl
2025-07-02 19:06:49,246 INFO [f7723a034163d690735f88af403625e4]      PartwiseBuilder.java:2661 | Exporting sheet(s): [#1]
2025-07-02 19:06:49,248 INFO [f7723a034163d690735f88af403625e4]        ScoreExporter.java:164  | Score f7723a034163d690735f88af403625e4.mvt4 exported to data/output/f7723a034163d690735f88af403625e4.mvt4.mxl
2025-07-02 19:06:49,264 INFO [f7723a034163d690735f88af403625e4]                Score.java:181  | Closing {Score 1}
2025-07-02 19:06:49,264 INFO [f7723a034163d690735f88af403625e4]                Score.java:181  | Closing {Score 2}
2025-07-02 19:06:49,264 INFO [f7723a034163d690735f88af403625e4]                Score.java:181  | Closing {Score 3}
2025-07-02 19:06:49,264 INFO [f7723a034163d690735f88af403625e4]                Score.java:181  | Closing {Score 4}
