2025-07-02 19:27:01,866 INFO [f7723a034163d690735f88af403625e4]                 Book.java:562  | 1 sheet in /Users/amber/Desktop/lxf/music_evaluator/data/uploads/f7723a034163d690735f88af403625e4.png
2025-07-02 19:27:01,944 INFO []                 Book.java:2531 | Stored /book.xml
2025-07-02 19:27:01,944 INFO []                 Book.java:2491 | Book stored as data/output/f7723a034163d690735f88af403625e4.omr
2025-07-02 19:27:01,949 INFO []                 Book.java:1933 | Book reaching PAGE on sheets:[#1]
2025-07-02 19:27:01,950 INFO [f7723a034163d690735f88af403625e4]       StepMonitoring.java:98   | LOAD
2025-07-02 19:27:02,048 INFO [f7723a034163d690735f88af403625e4]            SheetStub.java:1268 | Loaded image #1 1190x1568 from /Users/amber/Desktop/lxf/music_evaluator/data/uploads/f7723a034163d690735f88af403625e4.png
2025-07-02 19:27:02,050 INFO [f7723a034163d690735f88af403625e4]            ImageUtil.java:206  | Discarding alpha band ...
2025-07-02 19:27:02,102 INFO [f7723a034163d690735f88af403625e4]            ImageUtil.java:124  | Converting max RGB to gray
2025-07-02 19:27:02,135 INFO [f7723a034163d690735f88af403625e4]       StepMonitoring.java:98   | BINARY
2025-07-02 19:27:02,237 INFO [f7723a034163d690735f88af403625e4]       StepMonitoring.java:98   | SCALE
2025-07-02 19:27:02,249 INFO [f7723a034163d690735f88af403625e4]         ScaleBuilder.java:241  | Beam  guessed height:  6 -- 0.50 of 12 interline
2025-07-02 19:27:02,249 INFO [f7723a034163d690735f88af403625e4]         ScaleBuilder.java:264  | Beam measured height:  9 -- 0.57 of [5..12] range at 510% of needed quorum
2025-07-02 19:27:02,249 INFO [f7723a034163d690735f88af403625e4]            ScaleStep.java:65   | Scale{ interline(10,12,13) line(2,3,5) beam(9)}
2025-07-02 19:27:02,250 INFO [f7723a034163d690735f88af403625e4]       StepMonitoring.java:98   | GRID
2025-07-02 19:27:03,099 INFO [f7723a034163d690735f88af403625e4]       LinesRetriever.java:1500 | Global slope: 0.00864
2025-07-02 19:27:03,146 INFO [f7723a034163d690735f88af403625e4]    ClustersRetriever.java:328  | Retrieved raw line clusters: 9 of sizes [5] with interline(10,12,13)
2025-07-02 19:27:03,214 INFO [f7723a034163d690735f88af403625e4]            PeakGraph.java:310  | Systems: #1[1] #2[2] #3[3] #4[4] #5[5] #6[6] #7[7] #8[8] #9[9]
2025-07-02 19:27:03,560 INFO [f7723a034163d690735f88af403625e4]        SystemManager.java:134  | Indentation detected for system #1
2025-07-02 19:27:03,561 INFO [f7723a034163d690735f88af403625e4]        SystemManager.java:134  | Indentation detected for system #3
2025-07-02 19:27:03,561 INFO [f7723a034163d690735f88af403625e4]        SystemManager.java:134  | Indentation detected for system #6
2025-07-02 19:27:03,561 INFO [f7723a034163d690735f88af403625e4]        SystemManager.java:134  | Indentation detected for system #8
2025-07-02 19:27:03,561 INFO [f7723a034163d690735f88af403625e4]        SystemManager.java:723  | 4 pages found in sheet
2025-07-02 19:27:03,562 INFO [f7723a034163d690735f88af403625e4]        SystemManager.java:779  | Page #1: 1 part along 2 systems
2025-07-02 19:27:03,562 INFO [f7723a034163d690735f88af403625e4]        SystemManager.java:779  | Page #2: 1 part along 3 systems
2025-07-02 19:27:03,562 INFO [f7723a034163d690735f88af403625e4]        SystemManager.java:779  | Page #3: 1 part along 2 systems
2025-07-02 19:27:03,562 INFO [f7723a034163d690735f88af403625e4]        SystemManager.java:779  | Page #4: 1 part along 2 systems
2025-07-02 19:27:03,563 INFO [f7723a034163d690735f88af403625e4]                 Book.java:545  | Created scores: [{Score 1}, {Score 2}, {Score 3}, {Score 4}]
2025-07-02 19:27:03,564 INFO [f7723a034163d690735f88af403625e4]       StepMonitoring.java:98   | HEADERS
2025-07-02 19:27:03,699 INFO [f7723a034163d690735f88af403625e4]      BasicClassifier.java:277  | Classifier loaded XML norms.
2025-07-02 19:27:03,700 INFO [f7723a034163d690735f88af403625e4]   AbstractClassifier.java:396  | Classifier data loaded from default uri jar:file:/Users/amber/Desktop/lxf/music_evaluator/Audiveris/app/lib/audiveris.jar!/res/basic-classifier.zip
2025-07-02 19:27:03,954 WARN [f7723a034163d690735f88af403625e4]          ClefBuilder.java:658  | Staff#3 no recognized header clef.
2025-07-02 19:27:03,998 WARN [f7723a034163d690735f88af403625e4]          ClefBuilder.java:658  | Staff#6 no recognized header clef.
2025-07-02 19:27:04,016 INFO [f7723a034163d690735f88af403625e4]       StepMonitoring.java:98   | STEM_SEEDS
2025-07-02 19:27:04,032 INFO [f7723a034163d690735f88af403625e4]        StemSeedsStep.java:86   | stem(4 max:5)
2025-07-02 19:27:04,058 INFO [f7723a034163d690735f88af403625e4]       StepMonitoring.java:98   | BEAMS
2025-07-02 19:27:04,677 INFO [f7723a034163d690735f88af403625e4]       StepMonitoring.java:98   | LEDGERS
2025-07-02 19:27:04,803 INFO [f7723a034163d690735f88af403625e4]       StepMonitoring.java:98   | HEADS
2025-07-02 19:27:05,828 INFO [f7723a034163d690735f88af403625e4]        HeadSeedTally.java:235  | Scale information: HeadSeeds{NOTEHEAD_VOID[L:-0.9,R:-1.1] NOTEHEAD_BLACK[L:-0.3,R:-0.4]}
2025-07-02 19:27:05,829 INFO [f7723a034163d690735f88af403625e4]       StepMonitoring.java:98   | STEMS
2025-07-02 19:27:06,633 INFO [f7723a034163d690735f88af403625e4]       StepMonitoring.java:98   | REDUCTION
2025-07-02 19:27:06,881 INFO [f7723a034163d690735f88af403625e4]        ReductionStep.java:105  | Stems free length median value: 42 pixels, 3.5 interlines
2025-07-02 19:27:06,889 INFO [f7723a034163d690735f88af403625e4]       StepMonitoring.java:98   | CUE_BEAMS
2025-07-02 19:27:06,889 INFO [f7723a034163d690735f88af403625e4]         CueBeamsStep.java:81   | Step CUE_BEAMS is skipped because small heads switch is off
2025-07-02 19:27:06,889 INFO [f7723a034163d690735f88af403625e4]       StepMonitoring.java:98   | TEXTS
2025-07-02 19:27:06,952 WARN [f7723a034163d690735f88af403625e4]         TesseractOCR.java:335  | The collection of supported languages is empty
2025-07-02 19:27:06,953 INFO [f7723a034163d690735f88af403625e4]              OcrUtil.java:107  | Missing support for 'eng' language(s)
2025-07-02 19:27:06,959 INFO [f7723a034163d690735f88af403625e4]       StepMonitoring.java:98   | MEASURES
2025-07-02 19:27:06,964 INFO [f7723a034163d690735f88af403625e4]                 Page.java:307  | 3 raw measures: [2 in system#1, 1 in system#2]
2025-07-02 19:27:06,964 INFO [f7723a034163d690735f88af403625e4]                 Page.java:307  | 7 raw measures: [3 in system#3, 1 in system#4, 3 in system#5]
2025-07-02 19:27:06,964 INFO [f7723a034163d690735f88af403625e4]                 Page.java:307  | 5 raw measures: [3 in system#6, 2 in system#7]
2025-07-02 19:27:06,964 INFO [f7723a034163d690735f88af403625e4]                 Page.java:307  | 3 raw measures: [1 in system#8, 2 in system#9]
2025-07-02 19:27:06,964 INFO [f7723a034163d690735f88af403625e4]       StepMonitoring.java:98   | CHORDS
2025-07-02 19:27:06,973 INFO [f7723a034163d690735f88af403625e4]       StepMonitoring.java:98   | CURVES
2025-07-02 19:27:07,388 INFO [f7723a034163d690735f88af403625e4]         SlursBuilder.java:240  | Slurs: 42
2025-07-02 19:27:07,398 INFO [f7723a034163d690735f88af403625e4]      SegmentsBuilder.java:155  | Segments: 28
2025-07-02 19:27:07,402 INFO [f7723a034163d690735f88af403625e4]       StepMonitoring.java:98   | SYMBOLS
2025-07-02 19:27:07,655 INFO [f7723a034163d690735f88af403625e4]       StepMonitoring.java:98   | LINKS
2025-07-02 19:27:07,683 INFO [f7723a034163d690735f88af403625e4]       StepMonitoring.java:98   | RHYTHMS
2025-07-02 19:27:07,694 INFO [f7723a034163d690735f88af403625e4]        MeasureRhythm.java:1045 | Measure{#2} No timeOffset for HeadChordInter#9318{(0.955/0.955) staff:1 slot#7 dur:1/8}
2025-07-02 19:27:07,695 INFO [f7723a034163d690735f88af403625e4]   AbstractChordInter.java:627  | Measure{#2} No timeOffset for HeadChordInter#9321{(0.940/0.940) staff:1 slot#10 dur:1/8}
2025-07-02 19:27:07,695 INFO [f7723a034163d690735f88af403625e4]   AbstractChordInter.java:627  | Measure{#2} No timeOffset for HeadChordInter#9325{(0.941/0.941) staff:1 slot#14 dur:1/16}
2025-07-02 19:27:07,695 INFO [f7723a034163d690735f88af403625e4]   AbstractChordInter.java:627  | Measure{#2} No timeOffset for HeadChordInter#9326{(0.943/0.943) staff:1 slot#14 dur:1/4}
2025-07-02 19:27:07,695 INFO [f7723a034163d690735f88af403625e4]        MeasureRhythm.java:1045 | Measure{#2} No timeOffset for HeadChordInter#9328{(0.541/0.541) staff:1 slot#15 dur:1/2}
2025-07-02 19:27:07,695 INFO [f7723a034163d690735f88af403625e4]                Voice.java:257  | Measure{#2} Voice{#1 excess:1/4} too long
2025-07-02 19:27:07,695 INFO [f7723a034163d690735f88af403625e4]          StackRhythm.java:224  | S1 MeasureStack#2 no correct rhythm
2025-07-02 19:27:07,699 INFO [f7723a034163d690735f88af403625e4]        MeasureRhythm.java:1045 | Measure{#3} No timeOffset for HeadChordInter#9335{(0.960/0.960) staff:2 slot#7 dur:1/16}
2025-07-02 19:27:07,699 INFO [f7723a034163d690735f88af403625e4]   AbstractChordInter.java:627  | Measure{#3} No timeOffset for HeadChordInter#9338{(0.919/0.919) staff:2 slot#10 dur:1/16}
2025-07-02 19:27:07,699 INFO [f7723a034163d690735f88af403625e4]   AbstractChordInter.java:627  | Measure{#3} No timeOffset for HeadChordInter#9340{(0.954/0.954) staff:2 slot#12 dur:1/8}
2025-07-02 19:27:07,699 INFO [f7723a034163d690735f88af403625e4]   AbstractChordInter.java:627  | Measure{#3} No timeOffset for HeadChordInter#9344{(0.949/0.949) staff:2 slot#16 dur:1/16}
2025-07-02 19:27:07,700 INFO [f7723a034163d690735f88af403625e4]   AbstractChordInter.java:627  | Measure{#3} No timeOffset for HeadChordInter#9346{(0.938/0.938) staff:2 slot#18 dur:1/8}
2025-07-02 19:27:07,700 INFO [f7723a034163d690735f88af403625e4]   AbstractChordInter.java:627  | Measure{#3} No timeOffset for HeadChordInter#9347{(0.521/0.521) slot#19 dur:1/2}
2025-07-02 19:27:07,700 INFO [f7723a034163d690735f88af403625e4]   AbstractChordInter.java:627  | Measure{#3} No timeOffset for HeadChordInter#9348{(0.947/0.947) slot#20 dur:1/4}
2025-07-02 19:27:07,700 INFO [f7723a034163d690735f88af403625e4]   AbstractChordInter.java:627  | Measure{#3} No timeOffset for HeadChordInter#9349{(0.869/0.869) slot#21 dur:1/4}
2025-07-02 19:27:07,700 INFO [f7723a034163d690735f88af403625e4]   AbstractChordInter.java:627  | Measure{#3} No timeOffset for HeadChordInter#9350{(0.892/0.892) staff:2 slot#22 dur:1/4}
2025-07-02 19:27:07,700 INFO [f7723a034163d690735f88af403625e4]   AbstractChordInter.java:627  | Measure{#3} No timeOffset for HeadChordInter#9354{(0.951/0.951) staff:2 slot#26 dur:1/16}
2025-07-02 19:27:07,700 INFO [f7723a034163d690735f88af403625e4]   AbstractChordInter.java:627  | Measure{#3} No timeOffset for HeadChordInter#9355{(0.952/0.952) slot#27 dur:1/4}
2025-07-02 19:27:07,700 INFO [f7723a034163d690735f88af403625e4]                Voice.java:257  | Measure{#3} Voice{#1 excess:1/4} too long
2025-07-02 19:27:07,700 INFO [f7723a034163d690735f88af403625e4]          StackRhythm.java:224  | S2 MeasureStack#3 no correct rhythm
2025-07-02 19:27:07,718 INFO [f7723a034163d690735f88af403625e4]        MeasureRhythm.java:1045 | Measure{#1} No timeOffset for HeadChordInter#9512{(0.506/0.506) slot#7 dur:1/2}
2025-07-02 19:27:07,718 INFO [f7723a034163d690735f88af403625e4]   AbstractChordInter.java:627  | Measure{#1} No timeOffset for HeadChordInter#9512{(0.506/0.506) slot#7 dur:1/2}
2025-07-02 19:27:07,718 INFO [f7723a034163d690735f88af403625e4]   AbstractChordInter.java:627  | Measure{#1} No timeOffset for HeadChordInter#9518{(0.946/0.946) staff:8 slot#13 dur:1/8}
2025-07-02 19:27:07,718 INFO [f7723a034163d690735f88af403625e4]   AbstractChordInter.java:627  | Measure{#1} No timeOffset for HeadChordInter#9519{(0.525/0.525) slot#14 dur:1/2}
2025-07-02 19:27:07,719 INFO [f7723a034163d690735f88af403625e4]   AbstractChordInter.java:627  | Measure{#1} No timeOffset for HeadChordInter#9525{(0.957/0.957) staff:8 slot#20 dur:1/8}
2025-07-02 19:27:07,719 INFO [f7723a034163d690735f88af403625e4]   AbstractChordInter.java:627  | Measure{#1} No timeOffset for HeadChordInter#9526{(0.529/0.529) slot#21 dur:1/2}
2025-07-02 19:27:07,719 INFO [f7723a034163d690735f88af403625e4]          StackRhythm.java:224  | S8 MeasureStack#1 no correct rhythm
2025-07-02 19:27:07,720 INFO [f7723a034163d690735f88af403625e4]        MeasureRhythm.java:1045 | Measure{#2} No timeOffset for HeadChordInter#9539{(0.504/0.504) slot#7 dur:1/2}
2025-07-02 19:27:07,720 INFO [f7723a034163d690735f88af403625e4]   AbstractChordInter.java:627  | Measure{#2} No timeOffset for HeadChordInter#9539{(0.504/0.504) slot#7 dur:1/2}
2025-07-02 19:27:07,720 INFO [f7723a034163d690735f88af403625e4]          StackRhythm.java:224  | S9 MeasureStack#2 no correct rhythm
2025-07-02 19:27:07,721 INFO [f7723a034163d690735f88af403625e4]        MeasureRhythm.java:1045 | Measure{#3} No timeOffset for HeadChordInter#9552{(0.527/0.527) slot#7 dur:1/2}
2025-07-02 19:27:07,721 INFO [f7723a034163d690735f88af403625e4]   AbstractChordInter.java:627  | Measure{#3} No timeOffset for HeadChordInter#9552{(0.527/0.527) slot#7 dur:1/2}
2025-07-02 19:27:07,721 INFO [f7723a034163d690735f88af403625e4]          StackRhythm.java:224  | S9 MeasureStack#3 no correct rhythm
2025-07-02 19:27:07,721 INFO [f7723a034163d690735f88af403625e4]       StepMonitoring.java:98   | PAGE
2025-07-02 19:27:07,724 INFO [f7723a034163d690735f88af403625e4]                Voice.java:257  | Measure{#2} Voice{#1 excess:1/4} too long
2025-07-02 19:27:07,724 INFO [f7723a034163d690735f88af403625e4]                Voice.java:257  | Measure{#3} Voice{#1 excess:1/4} too long
2025-07-02 19:27:07,724 WARN [f7723a034163d690735f88af403625e4]         MeasureFixer.java:343  | System#3 No target duration for measures local IDs [1, 2, 3], please check time signatures
2025-07-02 19:27:07,725 WARN [f7723a034163d690735f88af403625e4]         MeasureFixer.java:343  | System#4 No target duration for measures local IDs [4], please check time signatures
2025-07-02 19:27:07,725 WARN [f7723a034163d690735f88af403625e4]         MeasureFixer.java:343  | System#5 No target duration for measures local IDs [5, 6, 7], please check time signatures
2025-07-02 19:27:07,725 WARN [f7723a034163d690735f88af403625e4]         MeasureFixer.java:343  | System#6 No target duration for measures local IDs [1, 2, 3], please check time signatures
2025-07-02 19:27:07,725 WARN [f7723a034163d690735f88af403625e4]         MeasureFixer.java:343  | System#7 No target duration for measures local IDs [4, 5], please check time signatures
2025-07-02 19:27:07,725 INFO [f7723a034163d690735f88af403625e4]                 Book.java:2550 | Book{f7723a034163d690735f88af403625e4} storing
2025-07-02 19:27:07,768 INFO [f7723a034163d690735f88af403625e4]                 Book.java:2531 | Stored /book.xml
2025-07-02 19:27:07,804 INFO [f7723a034163d690735f88af403625e4]           DataHolder.java:348  | Stored /sheet#1/BINARY.png
2025-07-02 19:27:08,410 INFO [f7723a034163d690735f88af403625e4]                Sheet.java:1561 | Stored /sheet#1/sheet#1.xml
2025-07-02 19:27:08,410 INFO [f7723a034163d690735f88af403625e4]                 Book.java:2491 | Book stored as data/output/f7723a034163d690735f88af403625e4.omr
2025-07-02 19:27:08,412 INFO [f7723a034163d690735f88af403625e4]            SheetStub.java:1644 | Disposed sheet
2025-07-02 19:27:08,439 INFO [f7723a034163d690735f88af403625e4]                 Book.java:2018 | End of Stub#1 memory: 30,298,976
2025-07-02 19:27:08,440 INFO [f7723a034163d690735f88af403625e4]                 Book.java:2025 | Book processed.
2025-07-02 19:27:08,613 INFO [f7723a034163d690735f88af403625e4]            SheetStub.java:995  | Loaded /sheet#1/sheet#1.xml
2025-07-02 19:27:08,751 INFO [f7723a034163d690735f88af403625e4]      PartwiseBuilder.java:2661 | Exporting sheet(s): [#1]
2025-07-02 19:27:08,770 INFO [f7723a034163d690735f88af403625e4]        ScoreExporter.java:164  | Score f7723a034163d690735f88af403625e4.mvt1 exported to data/output/f7723a034163d690735f88af403625e4.mvt1.mxl
2025-07-02 19:27:08,771 INFO [f7723a034163d690735f88af403625e4]      PartwiseBuilder.java:2661 | Exporting sheet(s): [#1]
2025-07-02 19:27:08,782 INFO [f7723a034163d690735f88af403625e4]        ScoreExporter.java:164  | Score f7723a034163d690735f88af403625e4.mvt2 exported to data/output/f7723a034163d690735f88af403625e4.mvt2.mxl
2025-07-02 19:27:08,782 INFO [f7723a034163d690735f88af403625e4]      PartwiseBuilder.java:2661 | Exporting sheet(s): [#1]
2025-07-02 19:27:08,789 INFO [f7723a034163d690735f88af403625e4]        ScoreExporter.java:164  | Score f7723a034163d690735f88af403625e4.mvt3 exported to data/output/f7723a034163d690735f88af403625e4.mvt3.mxl
2025-07-02 19:27:08,789 INFO [f7723a034163d690735f88af403625e4]      PartwiseBuilder.java:2661 | Exporting sheet(s): [#1]
2025-07-02 19:27:08,791 INFO [f7723a034163d690735f88af403625e4]        ScoreExporter.java:164  | Score f7723a034163d690735f88af403625e4.mvt4 exported to data/output/f7723a034163d690735f88af403625e4.mvt4.mxl
2025-07-02 19:27:08,806 INFO [f7723a034163d690735f88af403625e4]                Score.java:181  | Closing {Score 1}
2025-07-02 19:27:08,806 INFO [f7723a034163d690735f88af403625e4]                Score.java:181  | Closing {Score 2}
2025-07-02 19:27:08,806 INFO [f7723a034163d690735f88af403625e4]                Score.java:181  | Closing {Score 3}
2025-07-02 19:27:08,806 INFO [f7723a034163d690735f88af403625e4]                Score.java:181  | Closing {Score 4}
