2025-10-30 23:02:02,833 INFO [Piano_20251030_002123_茉莉花-piano]                 Book.java:562  | 2 sheets in /Users/amber/Desktop/lxf/git/music_evaluator/data/sheet_music/茉莉花/Piano_20251030_002123_茉莉花-piano.pdf
2025-10-30 23:02:02,941 INFO []                 Book.java:2531 | Stored /book.xml
2025-10-30 23:02:02,941 INFO []                 Book.java:2491 | Book stored as data/output/Piano_20251030_002123_茉莉花-piano.omr
2025-10-30 23:02:02,946 INFO []                 Book.java:1933 | Book reaching PAGE on sheets:[#1#2]
2025-10-30 23:02:02,947 INFO [Piano_20251030_002123_茉莉花-piano#1]       StepMonitoring.java:98   | LOAD
2025-10-30 23:02:03,129 INFO [Piano_20251030_002123_茉莉花-piano#1]            SheetStub.java:1268 | Loaded image #1 2479x3508 from /Users/amber/Desktop/lxf/git/music_evaluator/data/sheet_music/茉莉花/Piano_20251030_002123_茉莉花-piano.pdf
2025-10-30 23:02:03,130 INFO [Piano_20251030_002123_茉莉花-piano#1]       StepMonitoring.java:98   | BINARY
2025-10-30 23:02:03,364 INFO [Piano_20251030_002123_茉莉花-piano#1]       StepMonitoring.java:98   | SCALE
2025-10-30 23:02:03,380 INFO [Piano_20251030_002123_茉莉花-piano#1]         ScaleBuilder.java:241  | Beam  guessed height:  9 -- 0.50 of 18 interline
2025-10-30 23:02:03,380 INFO [Piano_20251030_002123_茉莉花-piano#1]         ScaleBuilder.java:264  | Beam measured height:  9 -- 0.31 of [5..18] range at 385% of needed quorum
2025-10-30 23:02:03,381 INFO [Piano_20251030_002123_茉莉花-piano#1]            ScaleStep.java:65   | Scale{ interline(17,18,18) line(1,1,1) beam(9)}
2025-10-30 23:02:03,381 INFO [Piano_20251030_002123_茉莉花-piano#1]       StepMonitoring.java:98   | GRID
2025-10-30 23:02:03,683 INFO [Piano_20251030_002123_茉莉花-piano#1]       LinesRetriever.java:1500 | Global slope: 0.00000
2025-10-30 23:02:03,700 INFO [Piano_20251030_002123_茉莉花-piano#1]    ClustersRetriever.java:328  | Retrieved raw line clusters: 10 of sizes [5] with interline(17,18,18)
2025-10-30 23:02:03,760 INFO [Piano_20251030_002123_茉莉花-piano#1]            PeakGraph.java:310  | Systems: #1[1, 2] #2[3, 4] #3[5, 6] #4[7, 8] #5[9, 10]
2025-10-30 23:02:03,900 INFO [Piano_20251030_002123_茉莉花-piano#1]        SystemManager.java:134  | Indentation detected for system #1
2025-10-30 23:02:03,900 INFO [Piano_20251030_002123_茉莉花-piano#1]        SystemManager.java:779  | 1 part along 5 systems
2025-10-30 23:02:03,901 INFO [Piano_20251030_002123_茉莉花-piano#1]                 Book.java:545  | Created scores: [{Score 1}]
2025-10-30 23:02:03,901 INFO [Piano_20251030_002123_茉莉花-piano#1]       StepMonitoring.java:98   | HEADERS
2025-10-30 23:02:04,010 INFO [Piano_20251030_002123_茉莉花-piano#1]      BasicClassifier.java:277  | Classifier loaded XML norms.
2025-10-30 23:02:04,011 INFO [Piano_20251030_002123_茉莉花-piano#1]   AbstractClassifier.java:396  | Classifier data loaded from default uri jar:file:/Users/amber/Desktop/lxf/git/music_evaluator/Audiveris/app/lib/audiveris.jar!/res/basic-classifier.zip
2025-10-30 23:02:04,301 INFO [Piano_20251030_002123_茉莉花-piano#1]       StepMonitoring.java:98   | STEM_SEEDS
2025-10-30 23:02:04,326 INFO [Piano_20251030_002123_茉莉花-piano#1]        StemSeedsStep.java:86   | stem(1 max:3)
2025-10-30 23:02:04,349 INFO [Piano_20251030_002123_茉莉花-piano#1]       StepMonitoring.java:98   | BEAMS
2025-10-30 23:02:06,114 INFO [Piano_20251030_002123_茉莉花-piano#1]       StepMonitoring.java:98   | LEDGERS
2025-10-30 23:02:06,234 INFO [Piano_20251030_002123_茉莉花-piano#1]       StepMonitoring.java:98   | HEADS
2025-10-30 23:02:08,042 INFO [Piano_20251030_002123_茉莉花-piano#1]        HeadSeedTally.java:235  | Scale information: HeadSeeds{NOTEHEAD_VOID[L:0.5,R:0.5] NOTEHEAD_BLACK[L:0.3,R:0.5]}
2025-10-30 23:02:08,044 INFO [Piano_20251030_002123_茉莉花-piano#1]       StepMonitoring.java:98   | STEMS
2025-10-30 23:02:08,381 INFO [Piano_20251030_002123_茉莉花-piano#1]       StepMonitoring.java:98   | REDUCTION
2025-10-30 23:02:08,512 INFO [Piano_20251030_002123_茉莉花-piano#1]        ReductionStep.java:105  | Stems free length median value: 67 pixels, 3.7 interlines
2025-10-30 23:02:08,517 INFO [Piano_20251030_002123_茉莉花-piano#1]       StepMonitoring.java:98   | CUE_BEAMS
2025-10-30 23:02:08,517 INFO [Piano_20251030_002123_茉莉花-piano#1]         CueBeamsStep.java:81   | Step CUE_BEAMS is skipped because small heads switch is off
2025-10-30 23:02:08,517 INFO [Piano_20251030_002123_茉莉花-piano#1]       StepMonitoring.java:98   | TEXTS
2025-10-30 23:02:08,630 WARN [Piano_20251030_002123_茉莉花-piano#1]         TesseractOCR.java:335  | The collection of supported languages is empty
2025-10-30 23:02:08,631 INFO [Piano_20251030_002123_茉莉花-piano#1]              OcrUtil.java:107  | Missing support for 'eng' language(s)
2025-10-30 23:02:08,635 INFO [Piano_20251030_002123_茉莉花-piano#1]       StepMonitoring.java:98   | MEASURES
2025-10-30 23:02:08,639 INFO [Piano_20251030_002123_茉莉花-piano#1]                 Page.java:307  | 22 raw measures: [4 in system#1, 4 in system#2, 5 in system#3, 5 in system#4, 4 in system#5]
2025-10-30 23:02:08,639 INFO [Piano_20251030_002123_茉莉花-piano#1]       StepMonitoring.java:98   | CHORDS
2025-10-30 23:02:08,646 INFO [Piano_20251030_002123_茉莉花-piano#1]       StepMonitoring.java:98   | CURVES
2025-10-30 23:02:09,115 INFO [Piano_20251030_002123_茉莉花-piano#1]         SlursBuilder.java:240  | Slurs: 17
2025-10-30 23:02:09,122 INFO [Piano_20251030_002123_茉莉花-piano#1]      SegmentsBuilder.java:155  | Segments: 3
2025-10-30 23:02:09,125 INFO [Piano_20251030_002123_茉莉花-piano#1]       StepMonitoring.java:98   | SYMBOLS
2025-10-30 23:02:09,442 INFO [Piano_20251030_002123_茉莉花-piano#1]       StepMonitoring.java:98   | LINKS
2025-10-30 23:02:09,444 INFO [Piano_20251030_002123_茉莉花-piano#1]        SymbolsLinker.java:257  | No chord linked to OctaveShiftInter#5895{(0.268) staff:2 OTTAVA BASSA}
2025-10-30 23:02:09,454 INFO [Piano_20251030_002123_茉莉花-piano#1]        SymbolsLinker.java:257  | No chord linked to OctaveShiftInter#5972{(0.268) staff:3 OTTAVA ALTA}
2025-10-30 23:02:09,460 INFO [Piano_20251030_002123_茉莉花-piano#1]        SymbolsLinker.java:287  | No chord above PedalInter#6055{(0.133) PEDAL_MARK}
2025-10-30 23:02:09,476 INFO [Piano_20251030_002123_茉莉花-piano#1]       StepMonitoring.java:98   | RHYTHMS
2025-10-30 23:02:09,499 INFO [Piano_20251030_002123_茉莉花-piano#1]        MeasureRhythm.java:1045 | Measure{#14} No timeOffset for RestChordInter#6126{(0.788/0.788) staff:8 slot#4 dur:1/4}
2025-10-30 23:02:09,500 INFO [Piano_20251030_002123_茉莉花-piano#1]   AbstractChordInter.java:627  | Measure{#14} No timeOffset for RestChordInter#6126{(0.788/0.788) staff:8 slot#4 dur:1/4}
2025-10-30 23:02:09,500 INFO [Piano_20251030_002123_茉莉花-piano#1]          StackRhythm.java:224  | S4 MeasureStack#14 no correct rhythm
2025-10-30 23:02:09,501 INFO [Piano_20251030_002123_茉莉花-piano#1]        MeasureRhythm.java:1045 | Measure{#15} No timeOffset for RestChordInter#6128{(0.788/0.788) staff:8 slot#4 dur:1/4}
2025-10-30 23:02:09,501 INFO [Piano_20251030_002123_茉莉花-piano#1]   AbstractChordInter.java:627  | Measure{#15} No timeOffset for RestChordInter#6128{(0.788/0.788) staff:8 slot#4 dur:1/4}
2025-10-30 23:02:09,502 INFO [Piano_20251030_002123_茉莉花-piano#1]          StackRhythm.java:224  | S4 MeasureStack#15 no correct rhythm
2025-10-30 23:02:09,502 INFO [Piano_20251030_002123_茉莉花-piano#1]        MeasureRhythm.java:1045 | Measure{#16} No timeOffset for RestChordInter#6130{(0.788/0.788) staff:8 slot#4 dur:1/4}
2025-10-30 23:02:09,502 INFO [Piano_20251030_002123_茉莉花-piano#1]   AbstractChordInter.java:627  | Measure{#16} No timeOffset for RestChordInter#6130{(0.788/0.788) staff:8 slot#4 dur:1/4}
2025-10-30 23:02:09,503 INFO [Piano_20251030_002123_茉莉花-piano#1]          StackRhythm.java:224  | S4 MeasureStack#16 no correct rhythm
2025-10-30 23:02:09,503 INFO [Piano_20251030_002123_茉莉花-piano#1]        MeasureRhythm.java:1045 | Measure{#17} No timeOffset for RestChordInter#6132{(0.788/0.788) staff:8 slot#4 dur:1/4}
2025-10-30 23:02:09,503 INFO [Piano_20251030_002123_茉莉花-piano#1]   AbstractChordInter.java:627  | Measure{#17} No timeOffset for RestChordInter#6132{(0.788/0.788) staff:8 slot#4 dur:1/4}
2025-10-30 23:02:09,504 INFO [Piano_20251030_002123_茉莉花-piano#1]          StackRhythm.java:224  | S4 MeasureStack#17 no correct rhythm
2025-10-30 23:02:09,504 INFO [Piano_20251030_002123_茉莉花-piano#1]        MeasureRhythm.java:1045 | Measure{#18} No timeOffset for RestChordInter#6134{(0.788/0.788) staff:8 slot#4 dur:1/4}
2025-10-30 23:02:09,504 INFO [Piano_20251030_002123_茉莉花-piano#1]   AbstractChordInter.java:627  | Measure{#18} No timeOffset for RestChordInter#6134{(0.788/0.788) staff:8 slot#4 dur:1/4}
2025-10-30 23:02:09,504 INFO [Piano_20251030_002123_茉莉花-piano#1]          StackRhythm.java:224  | S4 MeasureStack#18 no correct rhythm
2025-10-30 23:02:09,505 INFO [Piano_20251030_002123_茉莉花-piano#1]        MeasureRhythm.java:1045 | Measure{#19} No timeOffset for RestChordInter#6170{(0.790/0.790) staff:10 slot#4 dur:1/4}
2025-10-30 23:02:09,505 INFO [Piano_20251030_002123_茉莉花-piano#1]   AbstractChordInter.java:627  | Measure{#19} No timeOffset for RestChordInter#6170{(0.790/0.790) staff:10 slot#4 dur:1/4}
2025-10-30 23:02:09,505 INFO [Piano_20251030_002123_茉莉花-piano#1]          StackRhythm.java:224  | S5 MeasureStack#19 no correct rhythm
2025-10-30 23:02:09,505 INFO [Piano_20251030_002123_茉莉花-piano#1]        MeasureRhythm.java:1045 | Measure{#20} No timeOffset for RestChordInter#6172{(0.791/0.791) staff:10 slot#4 dur:1/4}
2025-10-30 23:02:09,506 INFO [Piano_20251030_002123_茉莉花-piano#1]   AbstractChordInter.java:627  | Measure{#20} No timeOffset for RestChordInter#6172{(0.791/0.791) staff:10 slot#4 dur:1/4}
2025-10-30 23:02:09,506 INFO [Piano_20251030_002123_茉莉花-piano#1]          StackRhythm.java:224  | S5 MeasureStack#20 no correct rhythm
2025-10-30 23:02:09,509 INFO [Piano_20251030_002123_茉莉花-piano#1]       StepMonitoring.java:98   | PAGE
2025-10-30 23:02:09,511 INFO [Piano_20251030_002123_茉莉花-piano#1]                 Book.java:2550 | Book{Piano_20251030_002123_茉莉花-piano} storing
2025-10-30 23:02:09,542 INFO [Piano_20251030_002123_茉莉花-piano#1]                 Book.java:2531 | Stored /book.xml
2025-10-30 23:02:09,633 INFO [Piano_20251030_002123_茉莉花-piano#1]           DataHolder.java:348  | Stored /sheet#1/BINARY.png
2025-10-30 23:02:10,103 INFO [Piano_20251030_002123_茉莉花-piano#1]                Sheet.java:1561 | Stored /sheet#1/sheet#1.xml
2025-10-30 23:02:10,103 INFO [Piano_20251030_002123_茉莉花-piano#1]                 Book.java:2491 | Book stored as data/output/Piano_20251030_002123_茉莉花-piano.omr
2025-10-30 23:02:10,104 INFO [Piano_20251030_002123_茉莉花-piano#1]            SheetStub.java:1644 | Disposed sheet#1
2025-10-30 23:02:10,132 INFO [Piano_20251030_002123_茉莉花-piano#1]                 Book.java:2018 | End of Stub#1 memory: 38,275,176
2025-10-30 23:02:10,132 INFO [Piano_20251030_002123_茉莉花-piano#2]       StepMonitoring.java:98   | LOAD
2025-10-30 23:02:10,160 INFO [Piano_20251030_002123_茉莉花-piano#2]            SheetStub.java:1268 | Loaded image #2 2479x3508 from /Users/amber/Desktop/lxf/git/music_evaluator/data/sheet_music/茉莉花/Piano_20251030_002123_茉莉花-piano.pdf
2025-10-30 23:02:10,160 INFO [Piano_20251030_002123_茉莉花-piano#2]       StepMonitoring.java:98   | BINARY
2025-10-30 23:02:10,356 INFO [Piano_20251030_002123_茉莉花-piano#2]       StepMonitoring.java:98   | SCALE
2025-10-30 23:02:10,370 INFO [Piano_20251030_002123_茉莉花-piano#2]         ScaleBuilder.java:241  | Beam  guessed height:  9 -- 0.50 of 18 interline
2025-10-30 23:02:10,370 INFO [Piano_20251030_002123_茉莉花-piano#2]         ScaleBuilder.java:264  | Beam measured height:  9 -- 0.31 of [5..18] range at 1001% of needed quorum
2025-10-30 23:02:10,370 INFO [Piano_20251030_002123_茉莉花-piano#2]            ScaleStep.java:65   | Scale{ interline(17,18,18) line(1,1,1) beam(9)}
2025-10-30 23:02:10,371 INFO [Piano_20251030_002123_茉莉花-piano#2]       StepMonitoring.java:98   | GRID
2025-10-30 23:02:10,490 INFO [Piano_20251030_002123_茉莉花-piano#2]       LinesRetriever.java:1500 | Global slope: 0.00000
2025-10-30 23:02:10,499 INFO [Piano_20251030_002123_茉莉花-piano#2]    ClustersRetriever.java:328  | Retrieved raw line clusters: 12 of sizes [5] with interline(17,18,18)
2025-10-30 23:02:10,569 INFO [Piano_20251030_002123_茉莉花-piano#2]            PeakGraph.java:310  | Systems: #1[1, 2] #2[3, 4] #3[5, 6] #4[7, 8] #5[9, 10] #6[11, 12]
2025-10-30 23:02:10,652 INFO [Piano_20251030_002123_茉莉花-piano#2]        SystemManager.java:779  | 1 part along 6 systems
2025-10-30 23:02:10,652 INFO [Piano_20251030_002123_茉莉花-piano#2]       StepMonitoring.java:98   | HEADERS
2025-10-30 23:02:10,705 INFO [Piano_20251030_002123_茉莉花-piano#2]       StepMonitoring.java:98   | STEM_SEEDS
2025-10-30 23:02:10,724 INFO [Piano_20251030_002123_茉莉花-piano#2]        StemSeedsStep.java:86   | stem(1 max:2)
2025-10-30 23:02:10,733 INFO [Piano_20251030_002123_茉莉花-piano#2]       StepMonitoring.java:98   | BEAMS
2025-10-30 23:02:12,333 INFO [Piano_20251030_002123_茉莉花-piano#2]       StepMonitoring.java:98   | LEDGERS
2025-10-30 23:02:12,410 INFO [Piano_20251030_002123_茉莉花-piano#2]       StepMonitoring.java:98   | HEADS
2025-10-30 23:02:14,567 INFO [Piano_20251030_002123_茉莉花-piano#2]        HeadSeedTally.java:235  | Scale information: HeadSeeds{NOTEHEAD_VOID[L:0.5,R:0.4] NOTEHEAD_BLACK[L:0.5,R:0.5]}
2025-10-30 23:02:14,568 INFO [Piano_20251030_002123_茉莉花-piano#2]       StepMonitoring.java:98   | STEMS
2025-10-30 23:02:14,654 INFO [Piano_20251030_002123_茉莉花-piano#2]           BeamLinker.java:1729 | Not linking shorter BeamInter#1408{(0.682) BEAM}
2025-10-30 23:02:14,654 INFO [Piano_20251030_002123_茉莉花-piano#2]           BeamLinker.java:1729 | Not linking shorter BeamInter#1414{(0.679) BEAM}
2025-10-30 23:02:14,799 INFO [Piano_20251030_002123_茉莉花-piano#2]       StepMonitoring.java:98   | REDUCTION
2025-10-30 23:02:14,833 INFO [Piano_20251030_002123_茉莉花-piano#2]        ReductionStep.java:105  | Stems free length median value: 65 pixels, 3.6 interlines
2025-10-30 23:02:14,834 INFO [Piano_20251030_002123_茉莉花-piano#2]       StepMonitoring.java:98   | CUE_BEAMS
2025-10-30 23:02:14,834 INFO [Piano_20251030_002123_茉莉花-piano#2]         CueBeamsStep.java:81   | Step CUE_BEAMS is skipped because small heads switch is off
2025-10-30 23:02:14,834 INFO [Piano_20251030_002123_茉莉花-piano#2]       StepMonitoring.java:98   | TEXTS
2025-10-30 23:02:14,890 WARN [Piano_20251030_002123_茉莉花-piano#2]         TesseractOCR.java:335  | The collection of supported languages is empty
2025-10-30 23:02:14,890 INFO [Piano_20251030_002123_茉莉花-piano#2]              OcrUtil.java:107  | Missing support for 'eng' language(s)
2025-10-30 23:02:14,891 INFO [Piano_20251030_002123_茉莉花-piano#2]       StepMonitoring.java:98   | MEASURES
2025-10-30 23:02:14,892 INFO [Piano_20251030_002123_茉莉花-piano#2]                 Page.java:307  | 18 raw measures: [2 in system#1, 3 in system#2, 3 in system#3, 3 in system#4, 3 in system#5, 4 in system#6]
2025-10-30 23:02:14,892 INFO [Piano_20251030_002123_茉莉花-piano#2]       StepMonitoring.java:98   | CHORDS
2025-10-30 23:02:14,898 INFO [Piano_20251030_002123_茉莉花-piano#2]       StepMonitoring.java:98   | CURVES
2025-10-30 23:02:15,235 INFO [Piano_20251030_002123_茉莉花-piano#2]         SlursBuilder.java:240  | Slurs: 0
2025-10-30 23:02:15,246 INFO [Piano_20251030_002123_茉莉花-piano#2]      SegmentsBuilder.java:155  | Segments: 6
2025-10-30 23:02:15,247 INFO [Piano_20251030_002123_茉莉花-piano#2]       StepMonitoring.java:98   | SYMBOLS
2025-10-30 23:02:15,466 INFO [Piano_20251030_002123_茉莉花-piano#2]       StepMonitoring.java:98   | LINKS
2025-10-30 23:02:15,481 INFO [Piano_20251030_002123_茉莉花-piano#2]        SymbolsLinker.java:287  | No chord above PedalInter#6313{(0.167) PEDAL_MARK}
2025-10-30 23:02:15,489 INFO [Piano_20251030_002123_茉莉花-piano#2]       StepMonitoring.java:98   | RHYTHMS
2025-10-30 23:02:15,489 INFO [Piano_20251030_002123_茉莉花-piano#2]           PageRhythm.java:199  | {Page#2.1} Time value reused from sheet#1
2025-10-30 23:02:15,493 INFO [Piano_20251030_002123_茉莉花-piano#2]                Voice.java:257  | Measure{#1} Voice{#5 excess:1/8} too long
2025-10-30 23:02:15,493 INFO [Piano_20251030_002123_茉莉花-piano#2]          StackRhythm.java:224  | S1 MeasureStack#1 no correct rhythm
2025-10-30 23:02:15,495 INFO [Piano_20251030_002123_茉莉花-piano#2]                Voice.java:257  | Measure{#2} Voice{#5 excess:1/8} too long
2025-10-30 23:02:15,495 INFO [Piano_20251030_002123_茉莉花-piano#2]          StackRhythm.java:224  | S1 MeasureStack#2 no correct rhythm
2025-10-30 23:02:15,498 INFO [Piano_20251030_002123_茉莉花-piano#2]                Voice.java:257  | Measure{#3} Voice{#5 excess:1/4} too long
2025-10-30 23:02:15,498 INFO [Piano_20251030_002123_茉莉花-piano#2]          StackRhythm.java:224  | S2 MeasureStack#3 no correct rhythm
2025-10-30 23:02:15,516 INFO [Piano_20251030_002123_茉莉花-piano#2]        MeasureRhythm.java:1045 | Measure{#16} No timeOffset for RestChordInter#6417{(0.643/0.643) staff:12 slot#4 dur:1/8}
2025-10-30 23:02:15,516 INFO [Piano_20251030_002123_茉莉花-piano#2]          StackRhythm.java:224  | S6 MeasureStack#16 no correct rhythm
2025-10-30 23:02:15,516 INFO [Piano_20251030_002123_茉莉花-piano#2]        MeasureRhythm.java:1045 | Measure{#17} No timeOffset for HeadChordInter#5772{(0.644/0.823) staff:11 slot#2 dur:1}
2025-10-30 23:02:15,516 INFO [Piano_20251030_002123_茉莉花-piano#2]        MeasureRhythm.java:1045 | Measure{#17} No timeOffset for HeadChordInter#5773{(0.638/0.638) staff:11 slot#2 dur:1}
2025-10-30 23:02:15,516 INFO [Piano_20251030_002123_茉莉花-piano#2]        MeasureRhythm.java:1045 | Measure{#17} No timeOffset for HeadChordInter#5774{(0.642/0.642) staff:11 slot#2 dur:1}
2025-10-30 23:02:15,516 INFO [Piano_20251030_002123_茉莉花-piano#2]        MeasureRhythm.java:1045 | Measure{#17} No timeOffset for HeadChordInter#5775{(0.676/0.676) staff:11 slot#2 dur:1}
2025-10-30 23:02:15,516 INFO [Piano_20251030_002123_茉莉花-piano#2]          StackRhythm.java:224  | S6 MeasureStack#17 no correct rhythm
2025-10-30 23:02:15,517 INFO [Piano_20251030_002123_茉莉花-piano#2]       StepMonitoring.java:98   | PAGE
2025-10-30 23:02:15,517 INFO [Piano_20251030_002123_茉莉花-piano#2]                Voice.java:257  | Measure{#1} Voice{#5 excess:1/8} too long
2025-10-30 23:02:15,517 INFO [Piano_20251030_002123_茉莉花-piano#2]                Voice.java:257  | Measure{#2} Voice{#5 excess:1/8} too long
2025-10-30 23:02:15,517 INFO [Piano_20251030_002123_茉莉花-piano#2]                Voice.java:257  | Measure{#3} Voice{#5 excess:1/4} too long
2025-10-30 23:02:15,518 INFO [Piano_20251030_002123_茉莉花-piano#2]                 Book.java:2550 | Book{Piano_20251030_002123_茉莉花-piano} storing
2025-10-30 23:02:15,547 INFO [Piano_20251030_002123_茉莉花-piano#2]                 Book.java:2531 | Stored /book.xml
2025-10-30 23:02:15,620 INFO [Piano_20251030_002123_茉莉花-piano#2]           DataHolder.java:348  | Stored /sheet#2/BINARY.png
2025-10-30 23:02:16,120 INFO [Piano_20251030_002123_茉莉花-piano#2]                Sheet.java:1561 | Stored /sheet#2/sheet#2.xml
2025-10-30 23:02:16,120 INFO [Piano_20251030_002123_茉莉花-piano#2]                 Book.java:2491 | Book stored as data/output/Piano_20251030_002123_茉莉花-piano.omr
2025-10-30 23:02:16,122 INFO [Piano_20251030_002123_茉莉花-piano#2]            SheetStub.java:1644 | Disposed sheet#2
2025-10-30 23:02:16,150 INFO [Piano_20251030_002123_茉莉花-piano#2]                 Book.java:2018 | End of Stub#2 memory: 38,420,064
2025-10-30 23:02:16,150 INFO [Piano_20251030_002123_茉莉花-piano]                 Book.java:2025 | Book processed.
2025-10-30 23:02:16,338 INFO [Piano_20251030_002123_茉莉花-piano]            SheetStub.java:995  | Loaded /sheet#1/sheet#1.xml
2025-10-30 23:02:16,522 INFO [Piano_20251030_002123_茉莉花-piano]            SheetStub.java:995  | Loaded /sheet#2/sheet#2.xml
2025-10-30 23:02:16,646 INFO [Piano_20251030_002123_茉莉花-piano]      PartwiseBuilder.java:2661 | Exporting sheet(s): [#1#2]
2025-10-30 23:02:16,713 INFO [Piano_20251030_002123_茉莉花-piano]        ScoreExporter.java:164  | Score Piano_20251030_002123_茉莉花-piano exported to data/output/Piano_20251030_002123_茉莉花-piano.mxl
2025-10-30 23:02:16,733 INFO [Piano_20251030_002123_茉莉花-piano]                Score.java:181  | Closing {Score 1}
