2025-10-16 14:28:34,685 INFO [tkzc]                 Book.java:562  | 1 sheet in /Users/amber/Desktop/lxf/git/music_evaluator/data/uploads/tkzc.png
2025-10-16 14:28:34,792 INFO []                 Book.java:2531 | Stored /book.xml
2025-10-16 14:28:34,792 INFO []                 Book.java:2491 | Book stored as data/output/tkzc.omr
2025-10-16 14:28:34,796 INFO []                 Book.java:1933 | Book reaching PAGE on sheets:[#1]
2025-10-16 14:28:34,797 INFO [tkzc]       StepMonitoring.java:98   | LOAD
2025-10-16 14:28:34,853 INFO [tkzc]            SheetStub.java:1268 | Loaded image #1 1600x2262 from /Users/amber/Desktop/lxf/git/music_evaluator/data/uploads/tkzc.png
2025-10-16 14:28:34,855 INFO [tkzc]            ImageUtil.java:124  | Converting max RGB to gray
2025-10-16 14:28:34,925 INFO [tkzc]       StepMonitoring.java:98   | BINARY
2025-10-16 14:28:35,190 INFO [tkzc]       StepMonitoring.java:98   | SCALE
2025-10-16 14:28:35,208 INFO [tkzc]         ScaleBuilder.java:241  | Beam  guessed height:  6 -- 0.50 of 13 interline
2025-10-16 14:28:35,209 INFO [tkzc]         ScaleBuilder.java:264  | Beam measured height:  8 -- 0.44 of [4..13] range at 209% of needed quorum
2025-10-16 14:28:35,210 INFO [tkzc]            ScaleStep.java:65   | Scale{ interline(13,13,14) line(2,2,3) beam(8)}
2025-10-16 14:28:35,210 INFO [tkzc]       StepMonitoring.java:98   | GRID
2025-10-16 14:28:35,468 INFO [tkzc]       LinesRetriever.java:1500 | Global slope: 0.00000
2025-10-16 14:28:35,496 INFO [tkzc]    ClustersRetriever.java:328  | Retrieved raw line clusters: 12 of sizes [5] with interline(13,13,14)
2025-10-16 14:28:35,558 INFO [tkzc]            PeakGraph.java:310  | Systems: #1[1, 2, 3] #2[4, 5, 6] #3[7, 8, 9] #4[10, 11, 12]
2025-10-16 14:28:35,578 INFO [tkzc]        BarsRetriever.java:1304 | System#1
2025-10-16 14:28:35,578 INFO [tkzc]        BarsRetriever.java:1307 |    PartGroup{brace number:1 barline:true staves:2-3}
2025-10-16 14:28:35,578 INFO [tkzc]        BarsRetriever.java:1304 | System#2
2025-10-16 14:28:35,579 INFO [tkzc]        BarsRetriever.java:1307 |    PartGroup{brace number:1 barline:true staves:5-6}
2025-10-16 14:28:35,579 INFO [tkzc]        BarsRetriever.java:1304 | System#3
2025-10-16 14:28:35,579 INFO [tkzc]        BarsRetriever.java:1307 |    PartGroup{brace number:1 barline:true staves:8-9}
2025-10-16 14:28:35,579 INFO [tkzc]        BarsRetriever.java:1304 | System#4
2025-10-16 14:28:35,579 INFO [tkzc]        BarsRetriever.java:1307 |    PartGroup{brace number:1 barline:true staves:11-12}
2025-10-16 14:28:35,720 INFO [tkzc]        SystemManager.java:779  | 3 parts along 4 systems
2025-10-16 14:28:35,720 INFO [tkzc]                 Book.java:545  | Created scores: [{Score 1}]
2025-10-16 14:28:35,720 INFO [tkzc]       StepMonitoring.java:98   | HEADERS
2025-10-16 14:28:35,854 INFO []      BasicClassifier.java:277  | Classifier loaded XML norms.
2025-10-16 14:28:35,855 INFO []   AbstractClassifier.java:396  | Classifier data loaded from default uri jar:file:/Users/amber/Desktop/lxf/git/music_evaluator/Audiveris/app/lib/audiveris.jar!/res/basic-classifier.zip
2025-10-16 14:28:36,222 INFO [tkzc]       StepMonitoring.java:98   | STEM_SEEDS
2025-10-16 14:28:36,244 INFO [tkzc]        StemSeedsStep.java:86   | stem(3 max:4)
2025-10-16 14:28:36,263 INFO [tkzc]       StepMonitoring.java:98   | BEAMS
2025-10-16 14:28:36,936 INFO [tkzc]       StepMonitoring.java:98   | LEDGERS
2025-10-16 14:28:37,017 INFO [tkzc]       StepMonitoring.java:98   | HEADS
2025-10-16 14:28:37,979 INFO [tkzc]        HeadSeedTally.java:235  | Scale information: HeadSeeds{NOTEHEAD_VOID[R:-0.5] NOTEHEAD_BLACK[L:-0.2,R:-0.5]}
2025-10-16 14:28:37,979 INFO [tkzc]       StepMonitoring.java:98   | STEMS
2025-10-16 14:28:38,181 INFO [tkzc]       StepMonitoring.java:98   | REDUCTION
2025-10-16 14:28:38,223 INFO [tkzc]        ReductionStep.java:105  | Stems free length median value: 44 pixels, 3.4 interlines
2025-10-16 14:28:38,225 INFO [tkzc]       StepMonitoring.java:98   | CUE_BEAMS
2025-10-16 14:28:38,225 INFO [tkzc]         CueBeamsStep.java:81   | Step CUE_BEAMS is skipped because small heads switch is off
2025-10-16 14:28:38,225 INFO [tkzc]       StepMonitoring.java:98   | TEXTS
2025-10-16 14:28:38,263 WARN [tkzc]         TesseractOCR.java:335  | The collection of supported languages is empty
2025-10-16 14:28:38,264 INFO [tkzc]              OcrUtil.java:107  | Missing support for 'eng' language(s)
2025-10-16 14:28:38,268 INFO [tkzc]       StepMonitoring.java:98   | MEASURES
2025-10-16 14:28:38,272 INFO [tkzc]                 Page.java:307  | 16 raw measures: [4 in system#1, 4 in system#2, 4 in system#3, 4 in system#4]
2025-10-16 14:28:38,272 INFO [tkzc]       StepMonitoring.java:98   | CHORDS
2025-10-16 14:28:38,279 INFO [tkzc]       StepMonitoring.java:98   | CURVES
2025-10-16 14:28:38,557 INFO [tkzc]         SlursBuilder.java:240  | Slurs: 0
2025-10-16 14:28:38,560 INFO [tkzc]      SegmentsBuilder.java:155  | Segments: 7
2025-10-16 14:28:38,561 INFO [tkzc]       StepMonitoring.java:98   | SYMBOLS
2025-10-16 14:28:38,741 INFO [tkzc]       StepMonitoring.java:98   | LINKS
2025-10-16 14:28:38,747 INFO [tkzc]        SymbolsLinker.java:257  | No chord linked to OctaveShiftInter#3387{(0.444) staff:6 OTTAVA BASSA}
2025-10-16 14:28:38,751 INFO [tkzc]        SymbolsLinker.java:257  | No chord linked to OctaveShiftInter#3423{(0.444) staff:7 OTTAVA ALTA}
2025-10-16 14:28:38,759 INFO [tkzc]       StepMonitoring.java:98   | RHYTHMS
2025-10-16 14:28:38,784 INFO [tkzc]       StepMonitoring.java:98   | PAGE
2025-10-16 14:28:38,786 INFO [tkzc]                 Book.java:2550 | Book{tkzc} storing
2025-10-16 14:28:38,805 INFO [tkzc]                 Book.java:2531 | Stored /book.xml
2025-10-16 14:28:38,852 INFO [tkzc]           DataHolder.java:348  | Stored /sheet#1/BINARY.png
2025-10-16 14:28:39,187 INFO [tkzc]                Sheet.java:1561 | Stored /sheet#1/sheet#1.xml
2025-10-16 14:28:39,188 INFO [tkzc]                 Book.java:2491 | Book stored as data/output/tkzc.omr
2025-10-16 14:28:39,189 INFO [tkzc]            SheetStub.java:1644 | Disposed sheet
2025-10-16 14:28:39,212 INFO [tkzc]                 Book.java:2018 | End of Stub#1 memory: 30,983,888
2025-10-16 14:28:39,212 INFO [tkzc]                 Book.java:2025 | Book processed.
2025-10-16 14:28:39,337 INFO [tkzc]            SheetStub.java:995  | Loaded /sheet#1/sheet#1.xml
2025-10-16 14:28:39,490 INFO [tkzc]      PartwiseBuilder.java:2661 | Exporting sheet(s): [#1]
2025-10-16 14:28:39,522 INFO [tkzc]        ScoreExporter.java:164  | Score tkzc exported to data/output/tkzc.mxl
2025-10-16 14:28:39,537 INFO [tkzc]                Score.java:181  | Closing {Score 1}
