2025-07-02 19:07:46,899 INFO [tkzc]                 Book.java:562  | 1 sheet in /Users/amber/Desktop/lxf/music_evaluator/data/uploads/tkzc.png
2025-07-02 19:07:46,966 INFO []                 Book.java:2531 | Stored /book.xml
2025-07-02 19:07:46,967 INFO []                 Book.java:2491 | Book stored as data/output/tkzc.omr
2025-07-02 19:07:46,970 INFO []                 Book.java:1933 | Book reaching PAGE on sheets:[#1]
2025-07-02 19:07:46,971 INFO [tkzc]       StepMonitoring.java:98   | LOAD
2025-07-02 19:07:46,984 INFO [tkzc]            SheetStub.java:1268 | Loaded image #1 850x1100 from /Users/amber/Desktop/lxf/music_evaluator/data/uploads/tkzc.png
2025-07-02 19:07:46,986 INFO [tkzc]       StepMonitoring.java:98   | BINARY
2025-07-02 19:07:47,083 INFO [tkzc]       StepMonitoring.java:98   | SCALE
2025-07-02 19:07:47,093 WARN [tkzc]            SheetStub.java:412  | tkzc   With a too low interline value of 7 pixels,  either this sheet contains no multi-line staves,  or the picture resolution is too low (try 300 DPI).   This interline value is NOT RELIABLE!
2025-07-02 19:07:47,093 INFO [tkzc]                 Book.java:545  | Created scores: []
2025-07-02 19:07:47,093 INFO [tkzc]            SheetStub.java:1186 | Sheet tkzc flagged as invalid.
2025-07-02 19:07:47,093 INFO [tkzc]            SheetStub.java:1394 | StepException cause detected in [LOAD, BINARY, SCALE, GRID, HEADERS, STEM_SEEDS, BEAMS, LEDGERS, HEADS, STEMS, REDUCTION, CUE_BEAMS, TEXTS, MEASURES, CHORDS, CURVES, SYMBOLS, LINKS, RHYTHMS, PAGE]
2025-07-02 19:07:47,093 INFO [tkzc]                 Book.java:2550 | Book{tkzc} storing
2025-07-02 19:07:47,101 INFO [tkzc]                 Book.java:2531 | Stored /book.xml
2025-07-02 19:07:47,118 INFO [tkzc]           DataHolder.java:348  | Stored /sheet#1/BINARY.png
2025-07-02 19:07:47,200 INFO [tkzc]                Sheet.java:1561 | Stored /sheet#1/sheet#1.xml
2025-07-02 19:07:47,201 INFO [tkzc]                 Book.java:2491 | Book stored as data/output/tkzc.omr
2025-07-02 19:07:47,202 INFO [tkzc]            SheetStub.java:1644 | Disposed sheet
2025-07-02 19:07:47,216 INFO [tkzc]                 Book.java:2018 | End of Stub#1 memory: 10,598,432
2025-07-02 19:07:47,217 INFO [tkzc]                 Book.java:2025 | Book processed.
2025-07-02 19:07:47,217 INFO [tkzc]                 Book.java:599  | Could not export since transcription did not complete successfully
