2025-05-31 20:40:38,106 INFO [tkzc]                 Book.java:562  | 1 sheet in /Users/amber/Downloads/music_evaluator/data/uploads/tkzc.png
2025-05-31 20:40:38,169 INFO []                 Book.java:2531 | Stored /book.xml
2025-05-31 20:40:38,169 INFO []                 Book.java:2491 | Book stored as data/output/tkzc.omr
2025-05-31 20:40:38,176 INFO []                 Book.java:1933 | Book reaching PAGE on sheets:[#1]
2025-05-31 20:40:38,177 INFO [tkzc]       StepMonitoring.java:98   | LOAD
2025-05-31 20:40:38,223 INFO [tkzc]            SheetStub.java:1268 | Loaded image #1 1600x2262 from /Users/amber/Downloads/music_evaluator/data/uploads/tkzc.png
2025-05-31 20:40:38,225 INFO [tkzc]            ImageUtil.java:124  | Converting max RGB to gray
2025-05-31 20:40:38,298 INFO [tkzc]       StepMonitoring.java:98   | BINARY
2025-05-31 20:40:38,448 INFO [tkzc]       StepMonitoring.java:98   | SCALE
2025-05-31 20:40:38,462 INFO [tkzc]         ScaleBuilder.java:241  | Beam  guessed height:  6 -- 0.50 of 13 interline
2025-05-31 20:40:38,462 INFO [tkzc]         ScaleBuilder.java:264  | Beam measured height:  8 -- 0.44 of [4..13] range at 209% of needed quorum
2025-05-31 20:40:38,462 INFO [tkzc]            ScaleStep.java:65   | Scale{ interline(13,13,14) line(2,2,3) beam(8)}
2025-05-31 20:40:38,463 INFO [tkzc]       StepMonitoring.java:98   | GRID
2025-05-31 20:40:38,660 INFO [tkzc]       LinesRetriever.java:1500 | Global slope: 0.00000
2025-05-31 20:40:38,681 INFO [tkzc]    ClustersRetriever.java:328  | Retrieved raw line clusters: 12 of sizes [5] with interline(13,13,14)
2025-05-31 20:40:38,735 INFO [tkzc]            PeakGraph.java:310  | Systems: #1[1, 2, 3] #2[4, 5, 6] #3[7, 8, 9] #4[10, 11, 12]
2025-05-31 20:40:38,751 INFO [tkzc]        BarsRetriever.java:1304 | System#1
2025-05-31 20:40:38,751 INFO [tkzc]        BarsRetriever.java:1307 |    PartGroup{brace number:1 barline:true staves:2-3}
2025-05-31 20:40:38,752 INFO [tkzc]        BarsRetriever.java:1304 | System#2
2025-05-31 20:40:38,752 INFO [tkzc]        BarsRetriever.java:1307 |    PartGroup{brace number:1 barline:true staves:5-6}
2025-05-31 20:40:38,752 INFO [tkzc]        BarsRetriever.java:1304 | System#3
2025-05-31 20:40:38,752 INFO [tkzc]        BarsRetriever.java:1307 |    PartGroup{brace number:1 barline:true staves:8-9}
2025-05-31 20:40:38,752 INFO [tkzc]        BarsRetriever.java:1304 | System#4
2025-05-31 20:40:38,752 INFO [tkzc]        BarsRetriever.java:1307 |    PartGroup{brace number:1 barline:true staves:11-12}
2025-05-31 20:40:38,899 INFO [tkzc]        SystemManager.java:779  | 3 parts along 4 systems
2025-05-31 20:40:38,899 INFO [tkzc]                 Book.java:545  | Created scores: [{Score 1}]
2025-05-31 20:40:38,900 INFO [tkzc]       StepMonitoring.java:98   | HEADERS
2025-05-31 20:40:39,045 INFO [tkzc]      BasicClassifier.java:277  | Classifier loaded XML norms.
2025-05-31 20:40:39,046 INFO [tkzc]   AbstractClassifier.java:396  | Classifier data loaded from default uri jar:file:/Users/amber/Downloads/music_evaluator/Audiveris/app/lib/audiveris.jar!/res/basic-classifier.zip
2025-05-31 20:40:39,486 INFO [tkzc]       StepMonitoring.java:98   | STEM_SEEDS
2025-05-31 20:40:39,506 INFO [tkzc]        StemSeedsStep.java:86   | stem(3 max:4)
2025-05-31 20:40:39,528 INFO [tkzc]       StepMonitoring.java:98   | BEAMS
2025-05-31 20:40:40,160 INFO [tkzc]       StepMonitoring.java:98   | LEDGERS
2025-05-31 20:40:40,237 INFO [tkzc]       StepMonitoring.java:98   | HEADS
2025-05-31 20:40:41,242 INFO [tkzc]        HeadSeedTally.java:235  | Scale information: HeadSeeds{NOTEHEAD_VOID[R:-0.5] NOTEHEAD_BLACK[L:-0.2,R:-0.5]}
2025-05-31 20:40:41,242 INFO [tkzc]       StepMonitoring.java:98   | STEMS
2025-05-31 20:40:41,446 INFO [tkzc]       StepMonitoring.java:98   | REDUCTION
2025-05-31 20:40:41,487 INFO [tkzc]        ReductionStep.java:105  | Stems free length median value: 44 pixels, 3.4 interlines
2025-05-31 20:40:41,489 INFO [tkzc]       StepMonitoring.java:98   | CUE_BEAMS
2025-05-31 20:40:41,489 INFO [tkzc]         CueBeamsStep.java:81   | Step CUE_BEAMS is skipped because small heads switch is off
2025-05-31 20:40:41,489 INFO [tkzc]       StepMonitoring.java:98   | TEXTS
2025-05-31 20:40:41,530 WARN [tkzc]         TesseractOCR.java:335  | The collection of supported languages is empty
2025-05-31 20:40:41,530 INFO [tkzc]              OcrUtil.java:107  | Missing support for 'eng' language(s)
2025-05-31 20:40:41,534 INFO [tkzc]       StepMonitoring.java:98   | MEASURES
2025-05-31 20:40:41,538 INFO [tkzc]                 Page.java:307  | 16 raw measures: [4 in system#1, 4 in system#2, 4 in system#3, 4 in system#4]
2025-05-31 20:40:41,538 INFO [tkzc]       StepMonitoring.java:98   | CHORDS
2025-05-31 20:40:41,544 INFO [tkzc]       StepMonitoring.java:98   | CURVES
2025-05-31 20:40:41,873 INFO [tkzc]         SlursBuilder.java:240  | Slurs: 0
2025-05-31 20:40:41,875 INFO [tkzc]      SegmentsBuilder.java:155  | Segments: 7
2025-05-31 20:40:41,877 INFO [tkzc]       StepMonitoring.java:98   | SYMBOLS
2025-05-31 20:40:42,090 INFO [tkzc]       StepMonitoring.java:98   | LINKS
2025-05-31 20:40:42,096 INFO [tkzc]        SymbolsLinker.java:257  | No chord linked to OctaveShiftInter#3465{(0.444) staff:6 OTTAVA BASSA}
2025-05-31 20:40:42,101 INFO [tkzc]        SymbolsLinker.java:257  | No chord linked to OctaveShiftInter#3501{(0.444) staff:7 OTTAVA ALTA}
2025-05-31 20:40:42,110 INFO [tkzc]       StepMonitoring.java:98   | RHYTHMS
2025-05-31 20:40:42,135 INFO [tkzc]       StepMonitoring.java:98   | PAGE
2025-05-31 20:40:42,137 INFO [tkzc]                 Book.java:2550 | Book{tkzc} storing
2025-05-31 20:40:42,156 INFO [tkzc]                 Book.java:2531 | Stored /book.xml
2025-05-31 20:40:42,199 INFO [tkzc]           DataHolder.java:348  | Stored /sheet#1/BINARY.png
2025-05-31 20:40:42,525 INFO [tkzc]                Sheet.java:1561 | Stored /sheet#1/sheet#1.xml
2025-05-31 20:40:42,525 INFO [tkzc]                 Book.java:2491 | Book stored as data/output/tkzc.omr
2025-05-31 20:40:42,526 INFO [tkzc]            SheetStub.java:1644 | Disposed sheet
2025-05-31 20:40:42,547 INFO [tkzc]                 Book.java:2018 | End of Stub#1 memory: 30,310,376
2025-05-31 20:40:42,548 INFO [tkzc]                 Book.java:2025 | Book processed.
2025-05-31 20:40:42,677 INFO [tkzc]            SheetStub.java:995  | Loaded /sheet#1/sheet#1.xml
2025-05-31 20:40:42,801 INFO [tkzc]      PartwiseBuilder.java:2661 | Exporting sheet(s): [#1]
2025-05-31 20:40:42,832 INFO [tkzc]        ScoreExporter.java:164  | Score tkzc exported to data/output/tkzc.mxl
2025-05-31 20:40:42,847 INFO [tkzc]                Score.java:181  | Closing {Score 1}
