2025-10-30 23:08:01,489 INFO [Violoncello_20251030_004401_茉莉花-cello]                 Book.java:562  | 1 sheet in /Users/amber/Desktop/lxf/git/music_evaluator/data/sheet_music/茉莉花/Violoncello_20251030_004401_茉莉花-cello.pdf
2025-10-30 23:08:01,581 INFO []                 Book.java:2531 | Stored /book.xml
2025-10-30 23:08:01,582 INFO []                 Book.java:2491 | Book stored as data/output/Violoncello_20251030_004401_茉莉花-cello.omr
2025-10-30 23:08:01,587 INFO []                 Book.java:1933 | Book reaching PAGE on sheets:[#1]
2025-10-30 23:08:01,588 INFO [Violoncello_20251030_004401_茉莉花-cello]       StepMonitoring.java:98   | LOAD
2025-10-30 23:08:01,780 INFO [Violoncello_20251030_004401_茉莉花-cello]            SheetStub.java:1268 | Loaded image #1 2479x3508 from /Users/amber/Desktop/lxf/git/music_evaluator/data/sheet_music/茉莉花/Violoncello_20251030_004401_茉莉花-cello.pdf
2025-10-30 23:08:01,782 INFO [Violoncello_20251030_004401_茉莉花-cello]       StepMonitoring.java:98   | BINARY
2025-10-30 23:08:02,011 INFO [Violoncello_20251030_004401_茉莉花-cello]       StepMonitoring.java:98   | SCALE
2025-10-30 23:08:02,028 INFO [Violoncello_20251030_004401_茉莉花-cello]         ScaleBuilder.java:241  | Beam  guessed height:  9 -- 0.50 of 18 interline
2025-10-30 23:08:02,029 INFO [Violoncello_20251030_004401_茉莉花-cello]         ScaleBuilder.java:264  | Beam measured height:  9 -- 0.31 of [5..18] range at 561% of needed quorum
2025-10-30 23:08:02,029 INFO [Violoncello_20251030_004401_茉莉花-cello]            ScaleStep.java:65   | Scale{ interline(17,18,18) line(1,1,2) beam(9)}
2025-10-30 23:08:02,030 INFO [Violoncello_20251030_004401_茉莉花-cello]       StepMonitoring.java:98   | GRID
2025-10-30 23:08:02,259 INFO [Violoncello_20251030_004401_茉莉花-cello]       LinesRetriever.java:1500 | Global slope: 0.00000
2025-10-30 23:08:02,277 INFO [Violoncello_20251030_004401_茉莉花-cello]    ClustersRetriever.java:328  | Retrieved raw line clusters: 11 of sizes [5] with interline(17,18,18)
2025-10-30 23:08:02,345 INFO [Violoncello_20251030_004401_茉莉花-cello]            PeakGraph.java:310  | Systems: #1[1] #2[2] #3[3] #4[4] #5[5] #6[6] #7[7] #8[8] #9[9] #10[10] #11[11]
2025-10-30 23:08:02,479 INFO [Violoncello_20251030_004401_茉莉花-cello]        SystemManager.java:134  | Indentation detected for system #1
2025-10-30 23:08:02,480 INFO [Violoncello_20251030_004401_茉莉花-cello]        SystemManager.java:779  | 1 part along 11 systems
2025-10-30 23:08:02,480 INFO [Violoncello_20251030_004401_茉莉花-cello]                 Book.java:545  | Created scores: [{Score 1}]
2025-10-30 23:08:02,480 INFO [Violoncello_20251030_004401_茉莉花-cello]       StepMonitoring.java:98   | HEADERS
2025-10-30 23:08:02,586 INFO [Violoncello_20251030_004401_茉莉花-cello]      BasicClassifier.java:277  | Classifier loaded XML norms.
2025-10-30 23:08:02,587 INFO [Violoncello_20251030_004401_茉莉花-cello]   AbstractClassifier.java:396  | Classifier data loaded from default uri jar:file:/Users/amber/Desktop/lxf/git/music_evaluator/Audiveris/app/lib/audiveris.jar!/res/basic-classifier.zip
2025-10-30 23:08:03,157 INFO [Violoncello_20251030_004401_茉莉花-cello]       StepMonitoring.java:98   | STEM_SEEDS
2025-10-30 23:08:03,185 INFO [Violoncello_20251030_004401_茉莉花-cello]        StemSeedsStep.java:86   | stem(1 max:3)
2025-10-30 23:08:03,207 INFO [Violoncello_20251030_004401_茉莉花-cello]       StepMonitoring.java:98   | BEAMS
2025-10-30 23:08:04,977 INFO [Violoncello_20251030_004401_茉莉花-cello]       StepMonitoring.java:98   | LEDGERS
2025-10-30 23:08:05,097 INFO [Violoncello_20251030_004401_茉莉花-cello]       StepMonitoring.java:98   | HEADS
2025-10-30 23:08:07,124 INFO [Violoncello_20251030_004401_茉莉花-cello]        HeadSeedTally.java:235  | Scale information: HeadSeeds{NOTEHEAD_VOID[L:0.5] NOTEHEAD_BLACK[L:0.5,R:0.5]}
2025-10-30 23:08:07,124 INFO [Violoncello_20251030_004401_茉莉花-cello]       StepMonitoring.java:98   | STEMS
2025-10-30 23:08:07,376 INFO [Violoncello_20251030_004401_茉莉花-cello]       StepMonitoring.java:98   | REDUCTION
2025-10-30 23:08:07,427 INFO [Violoncello_20251030_004401_茉莉花-cello]        ReductionStep.java:105  | Stems free length median value: 63 pixels, 3.5 interlines
2025-10-30 23:08:07,429 INFO [Violoncello_20251030_004401_茉莉花-cello]       StepMonitoring.java:98   | CUE_BEAMS
2025-10-30 23:08:07,430 INFO [Violoncello_20251030_004401_茉莉花-cello]         CueBeamsStep.java:81   | Step CUE_BEAMS is skipped because small heads switch is off
2025-10-30 23:08:07,430 INFO [Violoncello_20251030_004401_茉莉花-cello]       StepMonitoring.java:98   | TEXTS
2025-10-30 23:08:07,511 WARN [Violoncello_20251030_004401_茉莉花-cello]         TesseractOCR.java:335  | The collection of supported languages is empty
2025-10-30 23:08:07,511 INFO [Violoncello_20251030_004401_茉莉花-cello]              OcrUtil.java:107  | Missing support for 'eng' language(s)
2025-10-30 23:08:07,516 INFO [Violoncello_20251030_004401_茉莉花-cello]       StepMonitoring.java:98   | MEASURES
2025-10-30 23:08:07,521 INFO [Violoncello_20251030_004401_茉莉花-cello]                 Page.java:307  | 53 raw measures: [4 in system#1, 7 in system#2, 5 in system#3, 5 in system#4, 5 in system#5, 4 in system#6, 5 in system#7, 5 in system#8, 4 in system#9, 4 in system#10, 5 in system#11]
2025-10-30 23:08:07,521 INFO [Violoncello_20251030_004401_茉莉花-cello]       StepMonitoring.java:98   | CHORDS
2025-10-30 23:08:07,529 INFO [Violoncello_20251030_004401_茉莉花-cello]       StepMonitoring.java:98   | CURVES
2025-10-30 23:08:08,059 INFO [Violoncello_20251030_004401_茉莉花-cello]         SlursBuilder.java:240  | Slurs: 64
2025-10-30 23:08:08,069 INFO [Violoncello_20251030_004401_茉莉花-cello]      SegmentsBuilder.java:155  | Segments: 31
2025-10-30 23:08:08,074 INFO [Violoncello_20251030_004401_茉莉花-cello]       StepMonitoring.java:98   | SYMBOLS
2025-10-30 23:08:08,836 INFO [Violoncello_20251030_004401_茉莉花-cello]       StepMonitoring.java:98   | LINKS
2025-10-30 23:08:08,859 INFO [Violoncello_20251030_004401_茉莉花-cello]        SymbolsLinker.java:287  | No chord above PedalInter#6650{(0.133) PEDAL_MARK}
2025-10-30 23:08:08,859 INFO [Violoncello_20251030_004401_茉莉花-cello]        SymbolsLinker.java:287  | No chord above PedalInter#6755{(0.152) PEDAL_MARK}
2025-10-30 23:08:08,867 INFO [Violoncello_20251030_004401_茉莉花-cello]        SymbolsLinker.java:287  | No chord above PedalInter#7012{(0.165) PEDAL_MARK}
2025-10-30 23:08:08,880 INFO [Violoncello_20251030_004401_茉莉花-cello]       StepMonitoring.java:98   | RHYTHMS
2025-10-30 23:08:08,906 INFO [Violoncello_20251030_004401_茉莉花-cello]                Voice.java:257  | Measure{#32} Voice{#1 excess:1/8} too long
2025-10-30 23:08:08,907 INFO [Violoncello_20251030_004401_茉莉花-cello]          StackRhythm.java:224  | S7 MeasureStack#32 no correct rhythm
2025-10-30 23:08:08,909 INFO [Violoncello_20251030_004401_茉莉花-cello]        MeasureRhythm.java:1045 | Measure{#35} No timeOffset for RestChordInter#7162{(0.797/0.797) staff:7 slot#5 dur:1/8}
2025-10-30 23:08:08,909 INFO [Violoncello_20251030_004401_茉莉花-cello]          StackRhythm.java:224  | S7 MeasureStack#35 no correct rhythm
2025-10-30 23:08:08,921 INFO [Violoncello_20251030_004401_茉莉花-cello]       StepMonitoring.java:98   | PAGE
2025-10-30 23:08:08,927 INFO [Violoncello_20251030_004401_茉莉花-cello]                Voice.java:257  | Measure{#32} Voice{#1 excess:1/8} too long
2025-10-30 23:08:08,928 INFO [Violoncello_20251030_004401_茉莉花-cello]                 Book.java:2550 | Book{Violoncello_20251030_004401_茉莉花-cello} storing
2025-10-30 23:08:08,962 INFO [Violoncello_20251030_004401_茉莉花-cello]                 Book.java:2531 | Stored /book.xml
2025-10-30 23:08:09,062 INFO [Violoncello_20251030_004401_茉莉花-cello]           DataHolder.java:348  | Stored /sheet#1/BINARY.png
2025-10-30 23:08:09,633 INFO [Violoncello_20251030_004401_茉莉花-cello]                Sheet.java:1561 | Stored /sheet#1/sheet#1.xml
2025-10-30 23:08:09,634 INFO [Violoncello_20251030_004401_茉莉花-cello]                 Book.java:2491 | Book stored as data/output/Violoncello_20251030_004401_茉莉花-cello.omr
2025-10-30 23:08:09,635 INFO [Violoncello_20251030_004401_茉莉花-cello]            SheetStub.java:1644 | Disposed sheet
2025-10-30 23:08:09,664 INFO [Violoncello_20251030_004401_茉莉花-cello]                 Book.java:2018 | End of Stub#1 memory: 38,451,608
2025-10-30 23:08:09,664 INFO [Violoncello_20251030_004401_茉莉花-cello]                 Book.java:2025 | Book processed.
2025-10-30 23:08:09,889 INFO [Violoncello_20251030_004401_茉莉花-cello]            SheetStub.java:995  | Loaded /sheet#1/sheet#1.xml
2025-10-30 23:08:10,020 INFO [Violoncello_20251030_004401_茉莉花-cello]      PartwiseBuilder.java:2661 | Exporting sheet(s): [#1]
2025-10-30 23:08:10,066 INFO [Violoncello_20251030_004401_茉莉花-cello]        ScoreExporter.java:164  | Score Violoncello_20251030_004401_茉莉花-cello exported to data/output/Violoncello_20251030_004401_茉莉花-cello.mxl
2025-10-30 23:08:10,084 INFO [Violoncello_20251030_004401_茉莉花-cello]                Score.java:181  | Closing {Score 1}
