2025-10-27 10:46:32,605 INFO [temp_tkzc]                 Book.java:562  | 1 sheet in /Users/amber/Desktop/lxf/git/music_evaluator/tmp/uploads/temp_tkzc.png
2025-10-27 10:46:32,697 INFO []                 Book.java:2531 | Stored /book.xml
2025-10-27 10:46:32,697 INFO []                 Book.java:2491 | Book stored as tmp/output/temp_tkzc.omr
2025-10-27 10:46:32,703 INFO []                 Book.java:1933 | Book reaching PAGE on sheets:[#1]
2025-10-27 10:46:32,704 INFO [temp_tkzc]       StepMonitoring.java:98   | LOAD
2025-10-27 10:46:32,757 INFO [temp_tkzc]            SheetStub.java:1268 | Loaded image #1 1600x2262 from /Users/amber/Desktop/lxf/git/music_evaluator/tmp/uploads/temp_tkzc.png
2025-10-27 10:46:32,759 INFO [temp_tkzc]            ImageUtil.java:124  | Converting max RGB to gray
2025-10-27 10:46:32,825 INFO [temp_tkzc]       StepMonitoring.java:98   | BINARY
2025-10-27 10:46:32,965 INFO [temp_tkzc]       StepMonitoring.java:98   | SCALE
2025-10-27 10:46:32,980 INFO [temp_tkzc]         ScaleBuilder.java:241  | Beam  guessed height:  6 -- 0.50 of 13 interline
2025-10-27 10:46:32,981 INFO [temp_tkzc]         ScaleBuilder.java:264  | Beam measured height:  8 -- 0.44 of [4..13] range at 209% of needed quorum
2025-10-27 10:46:32,981 INFO [temp_tkzc]            ScaleStep.java:65   | Scale{ interline(13,13,14) line(2,2,3) beam(8)}
2025-10-27 10:46:32,982 INFO [temp_tkzc]       StepMonitoring.java:98   | GRID
2025-10-27 10:46:33,155 INFO [temp_tkzc]       LinesRetriever.java:1500 | Global slope: 0.00000
2025-10-27 10:46:33,174 INFO [temp_tkzc]    ClustersRetriever.java:328  | Retrieved raw line clusters: 12 of sizes [5] with interline(13,13,14)
2025-10-27 10:46:33,228 INFO [temp_tkzc]            PeakGraph.java:310  | Systems: #1[1, 2, 3] #2[4, 5, 6] #3[7, 8, 9] #4[10, 11, 12]
2025-10-27 10:46:33,246 INFO [temp_tkzc]        BarsRetriever.java:1304 | System#1
2025-10-27 10:46:33,247 INFO [temp_tkzc]        BarsRetriever.java:1307 |    PartGroup{brace number:1 barline:true staves:2-3}
2025-10-27 10:46:33,247 INFO [temp_tkzc]        BarsRetriever.java:1304 | System#2
2025-10-27 10:46:33,247 INFO [temp_tkzc]        BarsRetriever.java:1307 |    PartGroup{brace number:1 barline:true staves:5-6}
2025-10-27 10:46:33,247 INFO [temp_tkzc]        BarsRetriever.java:1304 | System#3
2025-10-27 10:46:33,247 INFO [temp_tkzc]        BarsRetriever.java:1307 |    PartGroup{brace number:1 barline:true staves:8-9}
2025-10-27 10:46:33,247 INFO [temp_tkzc]        BarsRetriever.java:1304 | System#4
2025-10-27 10:46:33,247 INFO [temp_tkzc]        BarsRetriever.java:1307 |    PartGroup{brace number:1 barline:true staves:11-12}
2025-10-27 10:46:33,425 INFO [temp_tkzc]        SystemManager.java:779  | 3 parts along 4 systems
2025-10-27 10:46:33,425 INFO [temp_tkzc]                 Book.java:545  | Created scores: [{Score 1}]
2025-10-27 10:46:33,426 INFO [temp_tkzc]       StepMonitoring.java:98   | HEADERS
2025-10-27 10:46:33,611 INFO []      BasicClassifier.java:277  | Classifier loaded XML norms.
2025-10-27 10:46:33,613 INFO []   AbstractClassifier.java:396  | Classifier data loaded from default uri jar:file:/Users/amber/Desktop/lxf/git/music_evaluator/Audiveris/app/lib/audiveris.jar!/res/basic-classifier.zip
2025-10-27 10:46:33,984 INFO [temp_tkzc]       StepMonitoring.java:98   | STEM_SEEDS
2025-10-27 10:46:34,009 INFO [temp_tkzc]        StemSeedsStep.java:86   | stem(3 max:4)
2025-10-27 10:46:34,030 INFO [temp_tkzc]       StepMonitoring.java:98   | BEAMS
2025-10-27 10:46:34,653 INFO [temp_tkzc]       StepMonitoring.java:98   | LEDGERS
2025-10-27 10:46:34,743 INFO [temp_tkzc]       StepMonitoring.java:98   | HEADS
2025-10-27 10:46:35,857 INFO [temp_tkzc]        HeadSeedTally.java:235  | Scale information: HeadSeeds{NOTEHEAD_VOID[R:-0.5] NOTEHEAD_BLACK[L:-0.2,R:-0.5]}
2025-10-27 10:46:35,862 INFO [temp_tkzc]       StepMonitoring.java:98   | STEMS
2025-10-27 10:46:36,250 INFO [temp_tkzc]       StepMonitoring.java:98   | REDUCTION
2025-10-27 10:46:36,295 INFO [temp_tkzc]        ReductionStep.java:105  | Stems free length median value: 44 pixels, 3.4 interlines
2025-10-27 10:46:36,297 INFO [temp_tkzc]       StepMonitoring.java:98   | CUE_BEAMS
2025-10-27 10:46:36,297 INFO [temp_tkzc]         CueBeamsStep.java:81   | Step CUE_BEAMS is skipped because small heads switch is off
2025-10-27 10:46:36,297 INFO [temp_tkzc]       StepMonitoring.java:98   | TEXTS
2025-10-27 10:46:36,354 WARN [temp_tkzc]         TesseractOCR.java:335  | The collection of supported languages is empty
2025-10-27 10:46:36,432 INFO [temp_tkzc]              OcrUtil.java:107  | Missing support for 'eng' language(s)
2025-10-27 10:46:36,437 INFO [temp_tkzc]       StepMonitoring.java:98   | MEASURES
2025-10-27 10:46:36,443 INFO [temp_tkzc]                 Page.java:307  | 16 raw measures: [4 in system#1, 4 in system#2, 4 in system#3, 4 in system#4]
2025-10-27 10:46:36,443 INFO [temp_tkzc]       StepMonitoring.java:98   | CHORDS
2025-10-27 10:46:36,449 INFO [temp_tkzc]       StepMonitoring.java:98   | CURVES
2025-10-27 10:46:36,702 INFO [temp_tkzc]         SlursBuilder.java:240  | Slurs: 0
2025-10-27 10:46:36,705 INFO [temp_tkzc]      SegmentsBuilder.java:155  | Segments: 7
2025-10-27 10:46:36,707 INFO [temp_tkzc]       StepMonitoring.java:98   | SYMBOLS
2025-10-27 10:46:36,943 INFO [temp_tkzc]       StepMonitoring.java:98   | LINKS
2025-10-27 10:46:36,949 INFO [temp_tkzc]        SymbolsLinker.java:257  | No chord linked to OctaveShiftInter#3442{(0.444) staff:6 OTTAVA BASSA}
2025-10-27 10:46:36,953 INFO [temp_tkzc]        SymbolsLinker.java:257  | No chord linked to OctaveShiftInter#3478{(0.444) staff:7 OTTAVA ALTA}
2025-10-27 10:46:36,962 INFO [temp_tkzc]       StepMonitoring.java:98   | RHYTHMS
2025-10-27 10:46:36,987 INFO [temp_tkzc]       StepMonitoring.java:98   | PAGE
2025-10-27 10:46:36,990 INFO [temp_tkzc]                 Book.java:2550 | Book{temp_tkzc} storing
2025-10-27 10:46:37,012 INFO [temp_tkzc]                 Book.java:2531 | Stored /book.xml
2025-10-27 10:46:37,054 INFO [temp_tkzc]           DataHolder.java:348  | Stored /sheet#1/BINARY.png
2025-10-27 10:46:37,393 INFO [temp_tkzc]                Sheet.java:1561 | Stored /sheet#1/sheet#1.xml
2025-10-27 10:46:37,393 INFO [temp_tkzc]                 Book.java:2491 | Book stored as tmp/output/temp_tkzc.omr
2025-10-27 10:46:37,394 INFO [temp_tkzc]            SheetStub.java:1644 | Disposed sheet
2025-10-27 10:46:37,416 INFO [temp_tkzc]                 Book.java:2018 | End of Stub#1 memory: 30,174,568
2025-10-27 10:46:37,416 INFO [temp_tkzc]                 Book.java:2025 | Book processed.
2025-10-27 10:46:37,572 INFO [temp_tkzc]            SheetStub.java:995  | Loaded /sheet#1/sheet#1.xml
2025-10-27 10:46:37,728 INFO [temp_tkzc]      PartwiseBuilder.java:2661 | Exporting sheet(s): [#1]
2025-10-27 10:46:37,760 INFO [temp_tkzc]        ScoreExporter.java:164  | Score temp_tkzc exported to tmp/output/temp_tkzc.mxl
2025-10-27 10:46:37,780 INFO [temp_tkzc]                Score.java:181  | Closing {Score 1}
