2025-10-27 10:47:12,562 INFO [temp_tkzc]                 Book.java:562  | 1 sheet in /Users/amber/Desktop/lxf/git/music_evaluator/tmp/uploads/temp_tkzc.png
2025-10-27 10:47:12,667 INFO []                 Book.java:2531 | Stored /book.xml
2025-10-27 10:47:12,667 INFO []                 Book.java:2491 | Book stored as tmp/output/temp_tkzc.omr
2025-10-27 10:47:12,671 INFO []                 Book.java:1933 | Book reaching PAGE on sheets:[#1]
2025-10-27 10:47:12,672 INFO [temp_tkzc]       StepMonitoring.java:98   | LOAD
2025-10-27 10:47:12,722 INFO [temp_tkzc]            SheetStub.java:1268 | Loaded image #1 1600x2262 from /Users/amber/Desktop/lxf/git/music_evaluator/tmp/uploads/temp_tkzc.png
2025-10-27 10:47:12,724 INFO [temp_tkzc]            ImageUtil.java:124  | Converting max RGB to gray
2025-10-27 10:47:12,794 INFO [temp_tkzc]       StepMonitoring.java:98   | BINARY
2025-10-27 10:47:12,932 INFO [temp_tkzc]       StepMonitoring.java:98   | SCALE
2025-10-27 10:47:12,946 INFO [temp_tkzc]         ScaleBuilder.java:241  | Beam  guessed height:  6 -- 0.50 of 13 interline
2025-10-27 10:47:12,946 INFO [temp_tkzc]         ScaleBuilder.java:264  | Beam measured height:  8 -- 0.44 of [4..13] range at 209% of needed quorum
2025-10-27 10:47:12,946 INFO [temp_tkzc]            ScaleStep.java:65   | Scale{ interline(13,13,14) line(2,2,3) beam(8)}
2025-10-27 10:47:12,947 INFO [temp_tkzc]       StepMonitoring.java:98   | GRID
2025-10-27 10:47:13,150 INFO [temp_tkzc]       LinesRetriever.java:1500 | Global slope: 0.00000
2025-10-27 10:47:13,168 INFO [temp_tkzc]    ClustersRetriever.java:328  | Retrieved raw line clusters: 12 of sizes [5] with interline(13,13,14)
2025-10-27 10:47:13,218 INFO [temp_tkzc]            PeakGraph.java:310  | Systems: #1[1, 2, 3] #2[4, 5, 6] #3[7, 8, 9] #4[10, 11, 12]
2025-10-27 10:47:13,234 INFO [temp_tkzc]        BarsRetriever.java:1304 | System#1
2025-10-27 10:47:13,235 INFO [temp_tkzc]        BarsRetriever.java:1307 |    PartGroup{brace number:1 barline:true staves:2-3}
2025-10-27 10:47:13,235 INFO [temp_tkzc]        BarsRetriever.java:1304 | System#2
2025-10-27 10:47:13,235 INFO [temp_tkzc]        BarsRetriever.java:1307 |    PartGroup{brace number:1 barline:true staves:5-6}
2025-10-27 10:47:13,235 INFO [temp_tkzc]        BarsRetriever.java:1304 | System#3
2025-10-27 10:47:13,235 INFO [temp_tkzc]        BarsRetriever.java:1307 |    PartGroup{brace number:1 barline:true staves:8-9}
2025-10-27 10:47:13,235 INFO [temp_tkzc]        BarsRetriever.java:1304 | System#4
2025-10-27 10:47:13,235 INFO [temp_tkzc]        BarsRetriever.java:1307 |    PartGroup{brace number:1 barline:true staves:11-12}
2025-10-27 10:47:13,366 INFO [temp_tkzc]        SystemManager.java:779  | 3 parts along 4 systems
2025-10-27 10:47:13,367 INFO [temp_tkzc]                 Book.java:545  | Created scores: [{Score 1}]
2025-10-27 10:47:13,367 INFO [temp_tkzc]       StepMonitoring.java:98   | HEADERS
2025-10-27 10:47:13,501 INFO [temp_tkzc]      BasicClassifier.java:277  | Classifier loaded XML norms.
2025-10-27 10:47:13,502 INFO [temp_tkzc]   AbstractClassifier.java:396  | Classifier data loaded from default uri jar:file:/Users/amber/Desktop/lxf/git/music_evaluator/Audiveris/app/lib/audiveris.jar!/res/basic-classifier.zip
2025-10-27 10:47:13,830 INFO [temp_tkzc]       StepMonitoring.java:98   | STEM_SEEDS
2025-10-27 10:47:13,850 INFO [temp_tkzc]        StemSeedsStep.java:86   | stem(3 max:4)
2025-10-27 10:47:13,869 INFO [temp_tkzc]       StepMonitoring.java:98   | BEAMS
2025-10-27 10:47:14,501 INFO [temp_tkzc]       StepMonitoring.java:98   | LEDGERS
2025-10-27 10:47:14,566 INFO [temp_tkzc]       StepMonitoring.java:98   | HEADS
2025-10-27 10:47:15,564 INFO [temp_tkzc]        HeadSeedTally.java:235  | Scale information: HeadSeeds{NOTEHEAD_VOID[R:-0.5] NOTEHEAD_BLACK[L:-0.2,R:-0.5]}
2025-10-27 10:47:15,565 INFO [temp_tkzc]       StepMonitoring.java:98   | STEMS
2025-10-27 10:47:15,751 INFO [temp_tkzc]       StepMonitoring.java:98   | REDUCTION
2025-10-27 10:47:15,791 INFO [temp_tkzc]        ReductionStep.java:105  | Stems free length median value: 44 pixels, 3.4 interlines
2025-10-27 10:47:15,792 INFO [temp_tkzc]       StepMonitoring.java:98   | CUE_BEAMS
2025-10-27 10:47:15,792 INFO [temp_tkzc]         CueBeamsStep.java:81   | Step CUE_BEAMS is skipped because small heads switch is off
2025-10-27 10:47:15,792 INFO [temp_tkzc]       StepMonitoring.java:98   | TEXTS
2025-10-27 10:47:15,839 WARN [temp_tkzc]         TesseractOCR.java:335  | The collection of supported languages is empty
2025-10-27 10:47:15,839 INFO [temp_tkzc]              OcrUtil.java:107  | Missing support for 'eng' language(s)
2025-10-27 10:47:15,843 INFO [temp_tkzc]       StepMonitoring.java:98   | MEASURES
2025-10-27 10:47:15,848 INFO [temp_tkzc]                 Page.java:307  | 16 raw measures: [4 in system#1, 4 in system#2, 4 in system#3, 4 in system#4]
2025-10-27 10:47:15,848 INFO [temp_tkzc]       StepMonitoring.java:98   | CHORDS
2025-10-27 10:47:15,855 INFO [temp_tkzc]       StepMonitoring.java:98   | CURVES
2025-10-27 10:47:16,146 INFO [temp_tkzc]         SlursBuilder.java:240  | Slurs: 0
2025-10-27 10:47:16,149 INFO [temp_tkzc]      SegmentsBuilder.java:155  | Segments: 7
2025-10-27 10:47:16,150 INFO [temp_tkzc]       StepMonitoring.java:98   | SYMBOLS
2025-10-27 10:47:16,329 INFO [temp_tkzc]       StepMonitoring.java:98   | LINKS
2025-10-27 10:47:16,335 INFO [temp_tkzc]        SymbolsLinker.java:257  | No chord linked to OctaveShiftInter#3420{(0.444) staff:6 OTTAVA BASSA}
2025-10-27 10:47:16,339 INFO [temp_tkzc]        SymbolsLinker.java:257  | No chord linked to OctaveShiftInter#3456{(0.444) staff:7 OTTAVA ALTA}
2025-10-27 10:47:16,349 INFO [temp_tkzc]       StepMonitoring.java:98   | RHYTHMS
2025-10-27 10:47:16,373 INFO [temp_tkzc]       StepMonitoring.java:98   | PAGE
2025-10-27 10:47:16,376 INFO [temp_tkzc]                 Book.java:2550 | Book{temp_tkzc} storing
2025-10-27 10:47:16,395 INFO [temp_tkzc]                 Book.java:2531 | Stored /book.xml
2025-10-27 10:47:16,441 INFO [temp_tkzc]           DataHolder.java:348  | Stored /sheet#1/BINARY.png
2025-10-27 10:47:16,773 INFO [temp_tkzc]                Sheet.java:1561 | Stored /sheet#1/sheet#1.xml
2025-10-27 10:47:16,773 INFO [temp_tkzc]                 Book.java:2491 | Book stored as tmp/output/temp_tkzc.omr
2025-10-27 10:47:16,775 INFO [temp_tkzc]            SheetStub.java:1644 | Disposed sheet
2025-10-27 10:47:16,796 INFO [temp_tkzc]                 Book.java:2018 | End of Stub#1 memory: 30,099,936
2025-10-27 10:47:16,797 INFO [temp_tkzc]                 Book.java:2025 | Book processed.
2025-10-27 10:47:16,919 INFO [temp_tkzc]            SheetStub.java:995  | Loaded /sheet#1/sheet#1.xml
2025-10-27 10:47:17,051 INFO [temp_tkzc]      PartwiseBuilder.java:2661 | Exporting sheet(s): [#1]
2025-10-27 10:47:17,083 INFO [temp_tkzc]        ScoreExporter.java:164  | Score temp_tkzc exported to tmp/output/temp_tkzc.mxl
2025-10-27 10:47:17,099 INFO [temp_tkzc]                Score.java:181  | Closing {Score 1}
