2025-10-26 23:56:52,593 INFO [合声_20251026_235649_tkzc]                 Book.java:562  | 1 sheet in /Users/amber/Desktop/lxf/git/music_evaluator/data/sheet_music/天空之城/合声_20251026_235649_tkzc.png
2025-10-26 23:56:52,678 INFO []                 Book.java:2531 | Stored /book.xml
2025-10-26 23:56:52,679 INFO []                 Book.java:2491 | Book stored as tmp/output/合声_20251026_235649_tkzc.omr
2025-10-26 23:56:52,684 INFO []                 Book.java:1933 | Book reaching PAGE on sheets:[#1]
2025-10-26 23:56:52,684 INFO [合声_20251026_235649_tkzc]       StepMonitoring.java:98   | LOAD
2025-10-26 23:56:52,733 INFO [合声_20251026_235649_tkzc]            SheetStub.java:1268 | Loaded image #1 1600x2262 from /Users/amber/Desktop/lxf/git/music_evaluator/data/sheet_music/天空之城/合声_20251026_235649_tkzc.png
2025-10-26 23:56:52,735 INFO [合声_20251026_235649_tkzc]            ImageUtil.java:124  | Converting max RGB to gray
2025-10-26 23:56:52,795 INFO [合声_20251026_235649_tkzc]       StepMonitoring.java:98   | BINARY
2025-10-26 23:56:52,946 INFO [合声_20251026_235649_tkzc]       StepMonitoring.java:98   | SCALE
2025-10-26 23:56:53,001 INFO [合声_20251026_235649_tkzc]         ScaleBuilder.java:241  | Beam  guessed height:  6 -- 0.50 of 13 interline
2025-10-26 23:56:53,004 INFO [合声_20251026_235649_tkzc]         ScaleBuilder.java:264  | Beam measured height:  8 -- 0.44 of [4..13] range at 209% of needed quorum
2025-10-26 23:56:53,006 INFO [合声_20251026_235649_tkzc]            ScaleStep.java:65   | Scale{ interline(13,13,14) line(2,2,3) beam(8)}
2025-10-26 23:56:53,007 INFO [合声_20251026_235649_tkzc]       StepMonitoring.java:98   | GRID
2025-10-26 23:56:53,221 INFO [合声_20251026_235649_tkzc]       LinesRetriever.java:1500 | Global slope: 0.00000
2025-10-26 23:56:53,241 INFO [合声_20251026_235649_tkzc]    ClustersRetriever.java:328  | Retrieved raw line clusters: 12 of sizes [5] with interline(13,13,14)
2025-10-26 23:56:53,294 INFO [合声_20251026_235649_tkzc]            PeakGraph.java:310  | Systems: #1[1, 2, 3] #2[4, 5, 6] #3[7, 8, 9] #4[10, 11, 12]
2025-10-26 23:56:53,396 INFO [合声_20251026_235649_tkzc]        BarsRetriever.java:1304 | System#1
2025-10-26 23:56:53,397 INFO [合声_20251026_235649_tkzc]        BarsRetriever.java:1307 |    PartGroup{brace number:1 barline:true staves:2-3}
2025-10-26 23:56:53,397 INFO [合声_20251026_235649_tkzc]        BarsRetriever.java:1304 | System#2
2025-10-26 23:56:53,397 INFO [合声_20251026_235649_tkzc]        BarsRetriever.java:1307 |    PartGroup{brace number:1 barline:true staves:5-6}
2025-10-26 23:56:53,397 INFO [合声_20251026_235649_tkzc]        BarsRetriever.java:1304 | System#3
2025-10-26 23:56:53,397 INFO [合声_20251026_235649_tkzc]        BarsRetriever.java:1307 |    PartGroup{brace number:1 barline:true staves:8-9}
2025-10-26 23:56:53,397 INFO [合声_20251026_235649_tkzc]        BarsRetriever.java:1304 | System#4
2025-10-26 23:56:53,397 INFO [合声_20251026_235649_tkzc]        BarsRetriever.java:1307 |    PartGroup{brace number:1 barline:true staves:11-12}
2025-10-26 23:56:53,595 INFO [合声_20251026_235649_tkzc]        SystemManager.java:779  | 3 parts along 4 systems
2025-10-26 23:56:53,595 INFO [合声_20251026_235649_tkzc]                 Book.java:545  | Created scores: [{Score 1}]
2025-10-26 23:56:53,595 INFO [合声_20251026_235649_tkzc]       StepMonitoring.java:98   | HEADERS
2025-10-26 23:56:53,735 INFO []      BasicClassifier.java:277  | Classifier loaded XML norms.
2025-10-26 23:56:53,736 INFO []   AbstractClassifier.java:396  | Classifier data loaded from default uri jar:file:/Users/amber/Desktop/lxf/git/music_evaluator/Audiveris/app/lib/audiveris.jar!/res/basic-classifier.zip
2025-10-26 23:56:54,020 INFO [合声_20251026_235649_tkzc]       StepMonitoring.java:98   | STEM_SEEDS
2025-10-26 23:56:54,041 INFO [合声_20251026_235649_tkzc]        StemSeedsStep.java:86   | stem(3 max:4)
2025-10-26 23:56:54,059 INFO [合声_20251026_235649_tkzc]       StepMonitoring.java:98   | BEAMS
2025-10-26 23:56:54,708 INFO [合声_20251026_235649_tkzc]       StepMonitoring.java:98   | LEDGERS
2025-10-26 23:56:54,802 INFO [合声_20251026_235649_tkzc]       StepMonitoring.java:98   | HEADS
2025-10-26 23:56:55,794 INFO [合声_20251026_235649_tkzc]        HeadSeedTally.java:235  | Scale information: HeadSeeds{NOTEHEAD_VOID[R:-0.5] NOTEHEAD_BLACK[L:-0.2,R:-0.5]}
2025-10-26 23:56:55,794 INFO [合声_20251026_235649_tkzc]       StepMonitoring.java:98   | STEMS
2025-10-26 23:56:55,998 INFO [合声_20251026_235649_tkzc]       StepMonitoring.java:98   | REDUCTION
2025-10-26 23:56:56,040 INFO [合声_20251026_235649_tkzc]        ReductionStep.java:105  | Stems free length median value: 44 pixels, 3.4 interlines
2025-10-26 23:56:56,041 INFO [合声_20251026_235649_tkzc]       StepMonitoring.java:98   | CUE_BEAMS
2025-10-26 23:56:56,042 INFO [合声_20251026_235649_tkzc]         CueBeamsStep.java:81   | Step CUE_BEAMS is skipped because small heads switch is off
2025-10-26 23:56:56,042 INFO [合声_20251026_235649_tkzc]       StepMonitoring.java:98   | TEXTS
2025-10-26 23:56:56,083 WARN [合声_20251026_235649_tkzc]         TesseractOCR.java:335  | The collection of supported languages is empty
2025-10-26 23:56:56,083 INFO [合声_20251026_235649_tkzc]              OcrUtil.java:107  | Missing support for 'eng' language(s)
2025-10-26 23:56:56,087 INFO [合声_20251026_235649_tkzc]       StepMonitoring.java:98   | MEASURES
2025-10-26 23:56:56,092 INFO [合声_20251026_235649_tkzc]                 Page.java:307  | 16 raw measures: [4 in system#1, 4 in system#2, 4 in system#3, 4 in system#4]
2025-10-26 23:56:56,092 INFO [合声_20251026_235649_tkzc]       StepMonitoring.java:98   | CHORDS
2025-10-26 23:56:56,098 INFO [合声_20251026_235649_tkzc]       StepMonitoring.java:98   | CURVES
2025-10-26 23:56:56,411 INFO [合声_20251026_235649_tkzc]         SlursBuilder.java:240  | Slurs: 0
2025-10-26 23:56:56,413 INFO [合声_20251026_235649_tkzc]      SegmentsBuilder.java:155  | Segments: 7
2025-10-26 23:56:56,415 INFO [合声_20251026_235649_tkzc]       StepMonitoring.java:98   | SYMBOLS
2025-10-26 23:56:56,583 INFO [合声_20251026_235649_tkzc]       StepMonitoring.java:98   | LINKS
2025-10-26 23:56:56,589 INFO [合声_20251026_235649_tkzc]        SymbolsLinker.java:257  | No chord linked to OctaveShiftInter#3411{(0.444) staff:6 OTTAVA BASSA}
2025-10-26 23:56:56,594 INFO [合声_20251026_235649_tkzc]        SymbolsLinker.java:257  | No chord linked to OctaveShiftInter#3447{(0.444) staff:7 OTTAVA ALTA}
2025-10-26 23:56:56,603 INFO [合声_20251026_235649_tkzc]       StepMonitoring.java:98   | RHYTHMS
2025-10-26 23:56:56,628 INFO [合声_20251026_235649_tkzc]       StepMonitoring.java:98   | PAGE
2025-10-26 23:56:56,630 INFO [合声_20251026_235649_tkzc]                 Book.java:2550 | Book{合声_20251026_235649_tkzc} storing
2025-10-26 23:56:56,648 INFO [合声_20251026_235649_tkzc]                 Book.java:2531 | Stored /book.xml
2025-10-26 23:56:56,689 INFO [合声_20251026_235649_tkzc]           DataHolder.java:348  | Stored /sheet#1/BINARY.png
2025-10-26 23:56:57,012 INFO [合声_20251026_235649_tkzc]                Sheet.java:1561 | Stored /sheet#1/sheet#1.xml
2025-10-26 23:56:57,012 INFO [合声_20251026_235649_tkzc]                 Book.java:2491 | Book stored as tmp/output/合声_20251026_235649_tkzc.omr
2025-10-26 23:56:57,013 INFO [合声_20251026_235649_tkzc]            SheetStub.java:1644 | Disposed sheet
2025-10-26 23:56:57,034 INFO [合声_20251026_235649_tkzc]                 Book.java:2018 | End of Stub#1 memory: 30,200,760
2025-10-26 23:56:57,034 INFO [合声_20251026_235649_tkzc]                 Book.java:2025 | Book processed.
2025-10-26 23:56:57,161 INFO [合声_20251026_235649_tkzc]            SheetStub.java:995  | Loaded /sheet#1/sheet#1.xml
2025-10-26 23:56:57,292 INFO [合声_20251026_235649_tkzc]      PartwiseBuilder.java:2661 | Exporting sheet(s): [#1]
2025-10-26 23:56:57,323 INFO [合声_20251026_235649_tkzc]        ScoreExporter.java:164  | Score 合声_20251026_235649_tkzc exported to tmp/output/合声_20251026_235649_tkzc.mxl
2025-10-26 23:56:57,339 INFO [合声_20251026_235649_tkzc]                Score.java:181  | Closing {Score 1}
